#
# There is insufficient memory for the Java Runtime Environment to continue.
# Native memory allocation (malloc) failed to allocate 1663568 bytes. Error detail: Chunk::new
# Possible reasons:
#   The system is out of physical RAM or swap space
#   This process is running with CompressedOops enabled, and the Java Heap may be blocking the growth of the native heap
# Possible solutions:
#   Reduce memory load on the system
#   Increase physical memory or swap space
#   Check if swap backing store is full
#   Decrease Java heap size (-Xmx/-Xms)
#   Decrease number of Java threads
#   Decrease Java thread stack sizes (-Xss)
#   Set larger code cache with -XX:ReservedCodeCacheSize=
#   JVM is running with Unscaled Compressed Oops mode in which the Java heap is
#     placed in the first 4GB address space. The Java Heap base address is the
#     maximum limit for the native heap growth. Please use -XX:HeapBaseMinAddress
#     to set the Java Heap base and to place the Java Heap above 4GB virtual address.
# This output file may be truncated or incomplete.
#
#  Out of Memory Error (arena.cpp:168), pid=14356, tid=1896
#
# JRE version: OpenJDK Runtime Environment (21.0.6) (build 21.0.6+-13391695-b895.109)
# Java VM: OpenJDK 64-Bit Server VM (21.0.6+-13391695-b895.109, mixed mode, tiered, compressed oops, compressed class ptrs, g1 gc, windows-amd64)
# No core dump will be written. Minidumps are not enabled by default on client versions of Windows
#

---------------  S U M M A R Y ------------

Command Line: --add-opens=java.base/java.lang=ALL-UNNAMED --add-opens=java.base/java.lang.invoke=ALL-UNNAMED --add-opens=java.base/java.util=ALL-UNNAMED --add-opens=java.prefs/java.util.prefs=ALL-UNNAMED --add-exports=jdk.compiler/com.sun.tools.javac.api=ALL-UNNAMED --add-exports=jdk.compiler/com.sun.tools.javac.util=ALL-UNNAMED --add-opens=java.base/java.util=ALL-UNNAMED --add-opens=java.prefs/java.util.prefs=ALL-UNNAMED --add-opens=java.base/java.nio.charset=ALL-UNNAMED --add-opens=java.base/java.net=ALL-UNNAMED --add-opens=java.base/java.util.concurrent.atomic=ALL-UNNAMED --add-opens=java.xml/javax.xml.namespace=ALL-UNNAMED -Xmx2048m -Dfile.encoding=UTF-8 -Duser.country=US -Duser.language=en -Duser.variant -javaagent:C:\Users\Admin\.gradle\wrapper\dists\gradle-9.0-milestone-1-bin\3vdepk4s12bybhohyuvjcm1bd\gradle-9.0-milestone-1\lib\agents\gradle-instrumentation-agent-9.0.jar org.gradle.launcher.daemon.bootstrap.GradleDaemon 9.0-milestone-1

Host: Intel(R) Pentium(R) CPU 4405U @ 2.10GHz, 4 cores, 7G,  Windows 11 , 64 bit Build 22621 (10.0.22621.5415)
Time: Tue Feb  3 11:44:09 2026 E. Africa Standard Time elapsed time: 45.252888 seconds (0d 0h 0m 45s)

---------------  T H R E A D  ---------------

Current thread (0x000001ef5b7e3260):  JavaThread "C2 CompilerThread0" daemon [_thread_in_native, id=1896, stack(0x0000007979f00000,0x000000797a000000) (1024K)]


Current CompileTask:
C2:45253 2913       4       java.net.URLClassLoader$1::run (5 bytes)

Stack: [0x0000007979f00000,0x000000797a000000]
Native frames: (J=compiled Java code, j=interpreted, Vv=VM code, C=native code)
V  [jvm.dll+0x6d0639]
V  [jvm.dll+0x85eb03]
V  [jvm.dll+0x86105e]
V  [jvm.dll+0x861743]
V  [jvm.dll+0x27e6e6]
V  [jvm.dll+0xbff6d]
V  [jvm.dll+0xc04a3]
V  [jvm.dll+0x3b61ab]
V  [jvm.dll+0x1de872]
V  [jvm.dll+0x247dd4]
V  [jvm.dll+0x247251]
V  [jvm.dll+0x1c5f04]
V  [jvm.dll+0x2569ac]
V  [jvm.dll+0x254ef6]
V  [jvm.dll+0x3f0e96]
V  [jvm.dll+0x806ed8]
V  [jvm.dll+0x6cef0d]
C  [ucrtbase.dll+0x29333]
C  [KERNEL32.DLL+0x1259d]
C  [ntdll.dll+0x5af78]


---------------  P R O C E S S  ---------------

Threads class SMR info:
_java_thread_list=0x000001ef621350b0, length=25, elements={
0x000001ef447bfb50, 0x000001ef5b7ca160, 0x000001ef5b7cabb0, 0x000001ef5b7dee40,
0x000001ef5b7df890, 0x000001ef5b7e12f0, 0x000001ef5b7e1d40, 0x000001ef5b7e3260,
0x000001ef5b7ddca0, 0x000001ef5b945c20, 0x000001ef5bb0fe20, 0x000001ef614f2b60,
0x000001ef601a4820, 0x000001ef60151370, 0x000001ef6036d020, 0x000001ef6036bbe0,
0x000001ef6166fb00, 0x000001ef61670160, 0x000001ef61663620, 0x000001ef61661550,
0x000001ef61661be0, 0x000001ef616649d0, 0x000001ef61662270, 0x000001ef61662900,
0x000001ef624bf350
}

Java Threads: ( => current thread )
  0x000001ef447bfb50 JavaThread "main"                              [_thread_blocked, id=15424, stack(0x0000007979100000,0x0000007979200000) (1024K)]
  0x000001ef5b7ca160 JavaThread "Reference Handler"          daemon [_thread_blocked, id=16076, stack(0x0000007979900000,0x0000007979a00000) (1024K)]
  0x000001ef5b7cabb0 JavaThread "Finalizer"                  daemon [_thread_blocked, id=16188, stack(0x0000007979a00000,0x0000007979b00000) (1024K)]
  0x000001ef5b7dee40 JavaThread "Signal Dispatcher"          daemon [_thread_blocked, id=7792, stack(0x0000007979b00000,0x0000007979c00000) (1024K)]
  0x000001ef5b7df890 JavaThread "Attach Listener"            daemon [_thread_blocked, id=9604, stack(0x0000007979c00000,0x0000007979d00000) (1024K)]
  0x000001ef5b7e12f0 JavaThread "Service Thread"             daemon [_thread_blocked, id=5364, stack(0x0000007979d00000,0x0000007979e00000) (1024K)]
  0x000001ef5b7e1d40 JavaThread "Monitor Deflation Thread"   daemon [_thread_blocked, id=12392, stack(0x0000007979e00000,0x0000007979f00000) (1024K)]
=>0x000001ef5b7e3260 JavaThread "C2 CompilerThread0"         daemon [_thread_in_native, id=1896, stack(0x0000007979f00000,0x000000797a000000) (1024K)]
  0x000001ef5b7ddca0 JavaThread "C1 CompilerThread0"         daemon [_thread_blocked, id=6184, stack(0x000000797a000000,0x000000797a100000) (1024K)]
  0x000001ef5b945c20 JavaThread "Common-Cleaner"             daemon [_thread_blocked, id=2956, stack(0x000000797a100000,0x000000797a200000) (1024K)]
  0x000001ef5bb0fe20 JavaThread "Notification Thread"        daemon [_thread_blocked, id=15536, stack(0x000000797a200000,0x000000797a300000) (1024K)]
  0x000001ef614f2b60 JavaThread "Daemon health stats"               [_thread_blocked, id=14964, stack(0x000000797a600000,0x000000797a700000) (1024K)]
  0x000001ef601a4820 JavaThread "Incoming local TCP Connector on port 62024"        [_thread_in_native, id=6988, stack(0x000000797a700000,0x000000797a800000) (1024K)]
  0x000001ef60151370 JavaThread "Daemon periodic checks"            [_thread_blocked, id=11988, stack(0x000000797a800000,0x000000797a900000) (1024K)]
  0x000001ef6036d020 JavaThread "Daemon"                            [_thread_blocked, id=9776, stack(0x000000797a900000,0x000000797aa00000) (1024K)]
  0x000001ef6036bbe0 JavaThread "Handler for socket connection from /127.0.0.1:62024 to /127.0.0.1:62026"        [_thread_in_native, id=15620, stack(0x000000797aa00000,0x000000797ab00000) (1024K)]
  0x000001ef6166fb00 JavaThread "Cancel handler"                    [_thread_blocked, id=4304, stack(0x000000797ab00000,0x000000797ac00000) (1024K)]
  0x000001ef61670160 JavaThread "Daemon worker"                     [_thread_in_native, id=8136, stack(0x000000797ac00000,0x000000797ad00000) (1024K)]
  0x000001ef61663620 JavaThread "Asynchronous log dispatcher for DefaultDaemonConnection: socket connection from /127.0.0.1:62024 to /127.0.0.1:62026"        [_thread_blocked, id=1808, stack(0x000000797ad00000,0x000000797ae00000) (1024K)]
  0x000001ef61661550 JavaThread "Stdin handler"                     [_thread_blocked, id=2740, stack(0x000000797ae00000,0x000000797af00000) (1024K)]
  0x000001ef61661be0 JavaThread "Daemon client event forwarder"        [_thread_blocked, id=8852, stack(0x000000797af00000,0x000000797b000000) (1024K)]
  0x000001ef616649d0 JavaThread "Cache worker for journal cache (C:\Users\Admin\.gradle\caches\journal-1)"        [_thread_blocked, id=14300, stack(0x000000797b000000,0x000000797b100000) (1024K)]
  0x000001ef61662270 JavaThread "File lock request listener"        [_thread_in_native, id=5792, stack(0x000000797b100000,0x000000797b200000) (1024K)]
  0x000001ef61662900 JavaThread "Cache worker for file hash cache (C:\Users\Admin\.gradle\caches\9.0-milestone-1\fileHashes)"        [_thread_blocked, id=8916, stack(0x000000797b200000,0x000000797b300000) (1024K)]
  0x000001ef624bf350 JavaThread "C2 CompilerThread1"         daemon [_thread_in_native, id=14528, stack(0x000000797b300000,0x000000797b400000) (1024K)]
Total: 25

Other Threads:
  0x000001ef5b60f0f0 VMThread "VM Thread"                           [id=13456, stack(0x0000007979800000,0x0000007979900000) (1024K)]
  0x000001ef5b5a7760 WatcherThread "VM Periodic Task Thread"        [id=6776, stack(0x0000007979700000,0x0000007979800000) (1024K)]
  0x000001ef4260d000 WorkerThread "GC Thread#0"                     [id=2788, stack(0x0000007979200000,0x0000007979300000) (1024K)]
  0x000001ef60152460 WorkerThread "GC Thread#1"                     [id=6600, stack(0x000000797a300000,0x000000797a400000) (1024K)]
  0x000001ef60152800 WorkerThread "GC Thread#2"                     [id=15168, stack(0x000000797a400000,0x000000797a500000) (1024K)]
  0x000001ef60b29ec0 WorkerThread "GC Thread#3"                     [id=9212, stack(0x000000797a500000,0x000000797a600000) (1024K)]
  0x000001ef4260de50 ConcurrentGCThread "G1 Main Marker"            [id=3460, stack(0x0000007979300000,0x0000007979400000) (1024K)]
  0x000001ef4260e7f0 WorkerThread "G1 Conc#0"                       [id=10088, stack(0x0000007979400000,0x0000007979500000) (1024K)]
  0x000001ef4487e620 ConcurrentGCThread "G1 Refine#0"               [id=972, stack(0x0000007979500000,0x0000007979600000) (1024K)]
  0x000001ef5b46d220 ConcurrentGCThread "G1 Service"                [id=4044, stack(0x0000007979600000,0x0000007979700000) (1024K)]
Total: 10

Threads with active compile tasks:
C2 CompilerThread0  45313 2913       4       java.net.URLClassLoader$1::run (5 bytes)
C2 CompilerThread1  45313 2914   !   4       java.net.URLClassLoader$1::run (81 bytes)
Total: 2

VM state: not at safepoint (normal execution)

VM Mutex/Monitor currently owned by a thread: None

Heap address: 0x0000000080000000, size: 2048 MB, Compressed Oops mode: 32-bit

CDS archive(s) not mapped
Compressed class space mapped at: 0x0000000100000000-0x0000000140000000, reserved size: 1073741824
Narrow klass base: 0x0000000000000000, Narrow klass shift: 3, Narrow klass range: 0x140000000

GC Precious Log:
 CardTable entry size: 512
 Card Set container configuration: InlinePtr #cards 5 size 8 Array Of Cards #cards 12 size 40 Howl #buckets 4 coarsen threshold 1843 Howl Bitmap #cards 512 size 80 coarsen threshold 460 Card regions per heap region 1 cards per card region 2048
 CPUs: 4 total, 4 available
 Memory: 8085M
 Large Page Support: Disabled
 NUMA Support: Disabled
 Compressed Oops: Enabled (32-bit)
 Heap Region Size: 1M
 Heap Min Capacity: 8M
 Heap Initial Capacity: 128M
 Heap Max Capacity: 2G
 Pre-touch: Disabled
 Parallel Workers: 4
 Concurrent Workers: 1
 Concurrent Refinement Workers: 4
 Periodic GC: Disabled

Heap:
 garbage-first heap   total 68608K, used 55241K [0x0000000080000000, 0x0000000100000000)
  region size 1024K, 36 young (36864K), 3 survivors (3072K)
 Metaspace       used 30959K, committed 31616K, reserved 1114112K
  class space    used 4001K, committed 4288K, reserved 1048576K

Heap Regions: E=young(eden), S=young(survivor), O=old, HS=humongous(starts), HC=humongous(continues), CS=collection set, F=free, TAMS=top-at-mark-start, PB=parsable bottom
|   0|0x0000000080000000, 0x0000000080100000, 0x0000000080100000|100%|HS|  |TAMS 0x0000000080000000| PB 0x0000000080000000| Complete 
|   1|0x0000000080100000, 0x0000000080200000, 0x0000000080200000|100%|HC|  |TAMS 0x0000000080100000| PB 0x0000000080100000| Complete 
|   2|0x0000000080200000, 0x0000000080300000, 0x0000000080300000|100%|HC|  |TAMS 0x0000000080200000| PB 0x0000000080200000| Complete 
|   3|0x0000000080300000, 0x0000000080400000, 0x0000000080400000|100%| O|  |TAMS 0x0000000080300000| PB 0x0000000080300000| Untracked 
|   4|0x0000000080400000, 0x0000000080500000, 0x0000000080500000|100%| O|  |TAMS 0x0000000080400000| PB 0x0000000080400000| Untracked 
|   5|0x0000000080500000, 0x0000000080600000, 0x0000000080600000|100%| O|  |TAMS 0x0000000080500000| PB 0x0000000080500000| Untracked 
|   6|0x0000000080600000, 0x0000000080700000, 0x0000000080700000|100%|HS|  |TAMS 0x0000000080600000| PB 0x0000000080600000| Complete 
|   7|0x0000000080700000, 0x0000000080800000, 0x0000000080800000|100%| O|  |TAMS 0x0000000080700000| PB 0x0000000080700000| Untracked 
|   8|0x0000000080800000, 0x0000000080900000, 0x0000000080900000|100%| O|  |TAMS 0x0000000080800000| PB 0x0000000080800000| Untracked 
|   9|0x0000000080900000, 0x0000000080a00000, 0x0000000080a00000|100%| O|  |TAMS 0x0000000080900000| PB 0x0000000080900000| Untracked 
|  10|0x0000000080a00000, 0x0000000080aa7618, 0x0000000080b00000| 65%| O|Cm|TAMS 0x0000000080a00000| PB 0x0000000080a00000| Complete 
|  11|0x0000000080b00000, 0x0000000080c00000, 0x0000000080c00000|100%| O|  |TAMS 0x0000000080b00000| PB 0x0000000080b00000| Untracked 
|  12|0x0000000080c00000, 0x0000000080d00000, 0x0000000080d00000|100%| O|  |TAMS 0x0000000080c00000| PB 0x0000000080c00000| Untracked 
|  13|0x0000000080d00000, 0x0000000080e00000, 0x0000000080e00000|100%| O|  |TAMS 0x0000000080d00000| PB 0x0000000080d00000| Untracked 
|  14|0x0000000080e00000, 0x0000000080f00000, 0x0000000080f00000|100%| O|  |TAMS 0x0000000080e00000| PB 0x0000000080e00000| Untracked 
|  15|0x0000000080f00000, 0x0000000081000000, 0x0000000081000000|100%| O|  |TAMS 0x0000000080f00000| PB 0x0000000080f00000| Untracked 
|  16|0x0000000081000000, 0x0000000081100000, 0x0000000081100000|100%| O|  |TAMS 0x0000000081000000| PB 0x0000000081000000| Untracked 
|  17|0x0000000081100000, 0x0000000081200000, 0x0000000081200000|100%| O|  |TAMS 0x0000000081100000| PB 0x0000000081100000| Untracked 
|  18|0x0000000081200000, 0x0000000081300000, 0x0000000081300000|100%| O|  |TAMS 0x0000000081200000| PB 0x0000000081200000| Untracked 
|  19|0x0000000081300000, 0x00000000813f4e00, 0x0000000081400000| 95%| O|  |TAMS 0x0000000081300000| PB 0x0000000081300000| Untracked 
|  20|0x0000000081400000, 0x0000000081400000, 0x0000000081500000|  0%| F|  |TAMS 0x0000000081400000| PB 0x0000000081400000| Untracked 
|  21|0x0000000081500000, 0x0000000081500000, 0x0000000081600000|  0%| F|  |TAMS 0x0000000081500000| PB 0x0000000081500000| Untracked 
|  22|0x0000000081600000, 0x0000000081600000, 0x0000000081700000|  0%| F|  |TAMS 0x0000000081600000| PB 0x0000000081600000| Untracked 
|  23|0x0000000081700000, 0x0000000081700000, 0x0000000081800000|  0%| F|  |TAMS 0x0000000081700000| PB 0x0000000081700000| Untracked 
|  24|0x0000000081800000, 0x0000000081856338, 0x0000000081900000| 33%| S|CS|TAMS 0x0000000081800000| PB 0x0000000081800000| Complete 
|  25|0x0000000081900000, 0x0000000081a00000, 0x0000000081a00000|100%| S|CS|TAMS 0x0000000081900000| PB 0x0000000081900000| Complete 
|  26|0x0000000081a00000, 0x0000000081b00000, 0x0000000081b00000|100%| S|CS|TAMS 0x0000000081a00000| PB 0x0000000081a00000| Complete 
|  27|0x0000000081b00000, 0x0000000081b00000, 0x0000000081c00000|  0%| F|  |TAMS 0x0000000081b00000| PB 0x0000000081b00000| Untracked 
|  28|0x0000000081c00000, 0x0000000081c00000, 0x0000000081d00000|  0%| F|  |TAMS 0x0000000081c00000| PB 0x0000000081c00000| Untracked 
|  29|0x0000000081d00000, 0x0000000081d00000, 0x0000000081e00000|  0%| F|  |TAMS 0x0000000081d00000| PB 0x0000000081d00000| Untracked 
|  30|0x0000000081e00000, 0x0000000081e00000, 0x0000000081f00000|  0%| F|  |TAMS 0x0000000081e00000| PB 0x0000000081e00000| Untracked 
|  31|0x0000000081f00000, 0x0000000081f00000, 0x0000000082000000|  0%| F|  |TAMS 0x0000000081f00000| PB 0x0000000081f00000| Untracked 
|  32|0x0000000082000000, 0x0000000082000000, 0x0000000082100000|  0%| F|  |TAMS 0x0000000082000000| PB 0x0000000082000000| Untracked 
|  33|0x0000000082100000, 0x0000000082100000, 0x0000000082200000|  0%| F|  |TAMS 0x0000000082100000| PB 0x0000000082100000| Untracked 
|  34|0x0000000082200000, 0x00000000822ee190, 0x0000000082300000| 93%| E|  |TAMS 0x0000000082200000| PB 0x0000000082200000| Complete 
|  35|0x0000000082300000, 0x0000000082400000, 0x0000000082400000|100%| E|CS|TAMS 0x0000000082300000| PB 0x0000000082300000| Complete 
|  36|0x0000000082400000, 0x0000000082500000, 0x0000000082500000|100%| E|CS|TAMS 0x0000000082400000| PB 0x0000000082400000| Complete 
|  37|0x0000000082500000, 0x0000000082600000, 0x0000000082600000|100%| E|CS|TAMS 0x0000000082500000| PB 0x0000000082500000| Complete 
|  38|0x0000000082600000, 0x0000000082700000, 0x0000000082700000|100%| E|CS|TAMS 0x0000000082600000| PB 0x0000000082600000| Complete 
|  39|0x0000000082700000, 0x0000000082800000, 0x0000000082800000|100%| E|CS|TAMS 0x0000000082700000| PB 0x0000000082700000| Complete 
|  40|0x0000000082800000, 0x0000000082900000, 0x0000000082900000|100%| E|CS|TAMS 0x0000000082800000| PB 0x0000000082800000| Complete 
|  41|0x0000000082900000, 0x0000000082a00000, 0x0000000082a00000|100%| E|CS|TAMS 0x0000000082900000| PB 0x0000000082900000| Complete 
|  42|0x0000000082a00000, 0x0000000082b00000, 0x0000000082b00000|100%| E|CS|TAMS 0x0000000082a00000| PB 0x0000000082a00000| Complete 
|  43|0x0000000082b00000, 0x0000000082c00000, 0x0000000082c00000|100%| E|CS|TAMS 0x0000000082b00000| PB 0x0000000082b00000| Complete 
|  44|0x0000000082c00000, 0x0000000082d00000, 0x0000000082d00000|100%| E|CS|TAMS 0x0000000082c00000| PB 0x0000000082c00000| Complete 
|  45|0x0000000082d00000, 0x0000000082e00000, 0x0000000082e00000|100%| E|CS|TAMS 0x0000000082d00000| PB 0x0000000082d00000| Complete 
|  46|0x0000000082e00000, 0x0000000082f00000, 0x0000000082f00000|100%| E|CS|TAMS 0x0000000082e00000| PB 0x0000000082e00000| Complete 
|  47|0x0000000082f00000, 0x0000000083000000, 0x0000000083000000|100%| E|CS|TAMS 0x0000000082f00000| PB 0x0000000082f00000| Complete 
|  48|0x0000000083000000, 0x0000000083100000, 0x0000000083100000|100%| E|CS|TAMS 0x0000000083000000| PB 0x0000000083000000| Complete 
|  49|0x0000000083100000, 0x0000000083200000, 0x0000000083200000|100%| E|CS|TAMS 0x0000000083100000| PB 0x0000000083100000| Complete 
|  50|0x0000000083200000, 0x0000000083300000, 0x0000000083300000|100%| E|CS|TAMS 0x0000000083200000| PB 0x0000000083200000| Complete 
|  51|0x0000000083300000, 0x0000000083400000, 0x0000000083400000|100%| E|CS|TAMS 0x0000000083300000| PB 0x0000000083300000| Complete 
|  52|0x0000000083400000, 0x0000000083500000, 0x0000000083500000|100%| E|CS|TAMS 0x0000000083400000| PB 0x0000000083400000| Complete 
|  53|0x0000000083500000, 0x0000000083600000, 0x0000000083600000|100%| E|CS|TAMS 0x0000000083500000| PB 0x0000000083500000| Complete 
|  54|0x0000000083600000, 0x0000000083700000, 0x0000000083700000|100%| E|CS|TAMS 0x0000000083600000| PB 0x0000000083600000| Complete 
|  55|0x0000000083700000, 0x0000000083800000, 0x0000000083800000|100%| E|CS|TAMS 0x0000000083700000| PB 0x0000000083700000| Complete 
|  56|0x0000000083800000, 0x0000000083900000, 0x0000000083900000|100%| E|CS|TAMS 0x0000000083800000| PB 0x0000000083800000| Complete 
|  90|0x0000000085a00000, 0x0000000085b00000, 0x0000000085b00000|100%| E|CS|TAMS 0x0000000085a00000| PB 0x0000000085a00000| Complete 
|  91|0x0000000085b00000, 0x0000000085c00000, 0x0000000085c00000|100%| E|CS|TAMS 0x0000000085b00000| PB 0x0000000085b00000| Complete 
|  92|0x0000000085c00000, 0x0000000085d00000, 0x0000000085d00000|100%| E|CS|TAMS 0x0000000085c00000| PB 0x0000000085c00000| Complete 
|  93|0x0000000085d00000, 0x0000000085e00000, 0x0000000085e00000|100%| E|CS|TAMS 0x0000000085d00000| PB 0x0000000085d00000| Complete 
|  94|0x0000000085e00000, 0x0000000085f00000, 0x0000000085f00000|100%| E|CS|TAMS 0x0000000085e00000| PB 0x0000000085e00000| Complete 
|  95|0x0000000085f00000, 0x0000000086000000, 0x0000000086000000|100%| E|CS|TAMS 0x0000000085f00000| PB 0x0000000085f00000| Complete 
|  96|0x0000000086000000, 0x0000000086100000, 0x0000000086100000|100%| E|CS|TAMS 0x0000000086000000| PB 0x0000000086000000| Complete 
|  97|0x0000000086100000, 0x0000000086200000, 0x0000000086200000|100%| E|CS|TAMS 0x0000000086100000| PB 0x0000000086100000| Complete 
|  98|0x0000000086200000, 0x0000000086300000, 0x0000000086300000|100%| E|CS|TAMS 0x0000000086200000| PB 0x0000000086200000| Complete 
| 127|0x0000000087f00000, 0x0000000088000000, 0x0000000088000000|100%| E|CS|TAMS 0x0000000087f00000| PB 0x0000000087f00000| Complete 

Card table byte_map: [0x000001ef56d10000,0x000001ef57110000] _byte_map_base: 0x000001ef56910000

Marking Bits: (CMBitMap*) 0x000001ef4260d5a0
 Bits: [0x000001ef57110000, 0x000001ef59110000)

Polling page: 0x000001ef42630000

Metaspace:

Usage:
  Non-class:     26.33 MB used.
      Class:      3.91 MB used.
       Both:     30.24 MB used.

Virtual space:
  Non-class space:       64.00 MB reserved,      26.69 MB ( 42%) committed,  1 nodes.
      Class space:        1.00 GB reserved,       4.19 MB ( <1%) committed,  1 nodes.
             Both:        1.06 GB reserved,      30.88 MB (  3%) committed. 

Chunk freelists:
   Non-Class:  5.04 MB
       Class:  11.70 MB
        Both:  16.75 MB

MaxMetaspaceSize: unlimited
CompressedClassSpaceSize: 1.00 GB
Initial GC threshold: 21.00 MB
Current GC threshold: 35.12 MB
CDS: off
 - commit_granule_bytes: 65536.
 - commit_granule_words: 8192.
 - virtual_space_node_default_size: 8388608.
 - enlarge_chunks_in_place: 1.
 - use_allocation_guard: 0.


Internal statistics:

num_allocs_failed_limit: 3.
num_arena_births: 900.
num_arena_deaths: 0.
num_vsnodes_births: 2.
num_vsnodes_deaths: 0.
num_space_committed: 494.
num_space_uncommitted: 0.
num_chunks_returned_to_freelist: 3.
num_chunks_taken_from_freelist: 1793.
num_chunk_merges: 3.
num_chunk_splits: 1155.
num_chunks_enlarged: 740.
num_inconsistent_stats: 0.

CodeHeap 'non-profiled nmethods': size=120000Kb used=1663Kb max_used=1663Kb free=118336Kb
 bounds [0x000001ef4f3e0000, 0x000001ef4f650000, 0x000001ef56910000]
CodeHeap 'profiled nmethods': size=120000Kb used=5994Kb max_used=5994Kb free=114005Kb
 bounds [0x000001ef47910000, 0x000001ef47ef0000, 0x000001ef4ee40000]
CodeHeap 'non-nmethods': size=5760Kb used=1476Kb max_used=1548Kb free=4283Kb
 bounds [0x000001ef4ee40000, 0x000001ef4f0b0000, 0x000001ef4f3e0000]
 total_blobs=3538 nmethods=2963 adapters=480
 compilation: enabled
              stopped_count=0, restarted_count=0
 full_count=0

Compilation events (20 events):
Event: 44.724 Thread 0x000001ef5b7ddca0 nmethod 2970 0x000001ef47ee1310 code [0x000001ef47ee1600, 0x000001ef47ee2648]
Event: 44.725 Thread 0x000001ef5b7ddca0 2971   !   3       jdk.proxy1.$Proxy2::value (29 bytes)
Event: 44.725 Thread 0x000001ef5b7ddca0 nmethod 2971 0x000001ef47ee2c10 code [0x000001ef47ee2de0, 0x000001ef47ee31c0]
Event: 44.725 Thread 0x000001ef5b7ddca0 2972       3       org.gradle.internal.service.DefaultServiceRegistry$FactoryMethodService::<init> (34 bytes)
Event: 44.726 Thread 0x000001ef5b7ddca0 nmethod 2972 0x000001ef47ee3390 code [0x000001ef47ee3560, 0x000001ef47ee39b8]
Event: 44.817 Thread 0x000001ef5b7ddca0 2973       3       org.gradle.internal.service.DefaultServiceRegistry::access$2000 (4 bytes)
Event: 44.817 Thread 0x000001ef5b7ddca0 nmethod 2973 0x000001ef47ee3c10 code [0x000001ef47ee3da0, 0x000001ef47ee3e98]
Event: 44.855 Thread 0x000001ef5b7ddca0 2974       3       jdk.internal.org.objectweb.asm.Frame::putAbstractType (379 bytes)
Event: 44.858 Thread 0x000001ef5b7ddca0 nmethod 2974 0x000001ef47ee3f10 code [0x000001ef47ee4360, 0x000001ef47ee5aa0]
Event: 44.905 Thread 0x000001ef5b7ddca0 2976       3       jdk.internal.org.objectweb.asm.SymbolTable::hash (12 bytes)
Event: 44.905 Thread 0x000001ef5b7ddca0 nmethod 2976 0x000001ef47ee6510 code [0x000001ef47ee66c0, 0x000001ef47ee67f8]
Event: 44.907 Thread 0x000001ef5b7ddca0 2977       3       java.lang.invoke.InvokerBytecodeGenerator::classData (173 bytes)
Event: 44.909 Thread 0x000001ef5b7ddca0 nmethod 2977 0x000001ef47ee6910 code [0x000001ef47ee6ca0, 0x000001ef47ee81a8]
Event: 44.909 Thread 0x000001ef5b7ddca0 2978       3       java.lang.invoke.Invokers$Holder::invokeExact_MT (24 bytes)
Event: 44.910 Thread 0x000001ef5b7ddca0 nmethod 2978 0x000001ef47ee8890 code [0x000001ef47ee8aa0, 0x000001ef47ee90d0]
Event: 45.065 Thread 0x000001ef5b7ddca0 2981       3       java.lang.Class::copyConstructors (38 bytes)
Event: 45.067 Thread 0x000001ef5b7ddca0 nmethod 2981 0x000001ef47ee9310 code [0x000001ef47ee9580, 0x000001ef47eea088]
Event: 45.068 Thread 0x000001ef624bf350 2914   !   4       java.net.URLClassLoader$1::run (81 bytes)
Event: 45.231 Thread 0x000001ef5b7ddca0 2982       3       jdk.internal.reflect.ConstantPool::getIntAt (10 bytes)
Event: 45.231 Thread 0x000001ef5b7ddca0 nmethod 2982 0x000001ef47eea510 code [0x000001ef47eea6c0, 0x000001ef47eea808]

GC Heap History (10 events):
Event: 1.866 GC heap before
{Heap before GC invocations=0 (full 0):
 garbage-first heap   total 131072K, used 13312K [0x0000000080000000, 0x0000000100000000)
  region size 1024K, 13 young (13312K), 0 survivors (0K)
 Metaspace       used 7389K, committed 7488K, reserved 1114112K
  class space    used 665K, committed 704K, reserved 1048576K
}
Event: 1.872 GC heap after
{Heap after GC invocations=1 (full 0):
 garbage-first heap   total 131072K, used 1237K [0x0000000080000000, 0x0000000100000000)
  region size 1024K, 2 young (2048K), 2 survivors (2048K)
 Metaspace       used 7389K, committed 7488K, reserved 1114112K
  class space    used 665K, committed 704K, reserved 1048576K
}
Event: 7.290 GC heap before
{Heap before GC invocations=1 (full 0):
 garbage-first heap   total 131072K, used 28885K [0x0000000080000000, 0x0000000100000000)
  region size 1024K, 27 young (27648K), 2 survivors (2048K)
 Metaspace       used 10820K, committed 10944K, reserved 1114112K
  class space    used 1105K, committed 1152K, reserved 1048576K
}
Event: 7.315 GC heap after
{Heap after GC invocations=2 (full 0):
 garbage-first heap   total 131072K, used 9893K [0x0000000080000000, 0x0000000100000000)
  region size 1024K, 4 young (4096K), 4 survivors (4096K)
 Metaspace       used 10820K, committed 10944K, reserved 1114112K
  class space    used 1105K, committed 1152K, reserved 1048576K
}
Event: 13.015 GC heap before
{Heap before GC invocations=2 (full 0):
 garbage-first heap   total 131072K, used 84645K [0x0000000080000000, 0x0000000100000000)
  region size 1024K, 76 young (77824K), 4 survivors (4096K)
 Metaspace       used 12860K, committed 13056K, reserved 1114112K
  class space    used 1386K, committed 1472K, reserved 1048576K
}
Event: 13.070 GC heap after
{Heap after GC invocations=3 (full 0):
 garbage-first heap   total 131072K, used 16265K [0x0000000080000000, 0x0000000100000000)
  region size 1024K, 10 young (10240K), 10 survivors (10240K)
 Metaspace       used 12860K, committed 13056K, reserved 1114112K
  class space    used 1386K, committed 1472K, reserved 1048576K
}
Event: 20.746 GC heap before
{Heap before GC invocations=3 (full 0):
 garbage-first heap   total 131072K, used 44937K [0x0000000080000000, 0x0000000100000000)
  region size 1024K, 39 young (39936K), 10 survivors (10240K)
 Metaspace       used 21229K, committed 21504K, reserved 1114112K
  class space    used 2440K, committed 2560K, reserved 1048576K
}
Event: 20.767 GC heap after
{Heap after GC invocations=4 (full 0):
 garbage-first heap   total 131072K, used 20085K [0x0000000080000000, 0x0000000100000000)
  region size 1024K, 9 young (9216K), 9 survivors (9216K)
 Metaspace       used 21229K, committed 21504K, reserved 1114112K
  class space    used 2440K, committed 2560K, reserved 1048576K
}
Event: 31.140 GC heap before
{Heap before GC invocations=5 (full 0):
 garbage-first heap   total 68608K, used 51829K [0x0000000080000000, 0x0000000100000000)
  region size 1024K, 40 young (40960K), 9 survivors (9216K)
 Metaspace       used 26691K, committed 27200K, reserved 1114112K
  class space    used 3257K, committed 3520K, reserved 1048576K
}
Event: 31.231 GC heap after
{Heap after GC invocations=6 (full 0):
 garbage-first heap   total 68608K, used 22473K [0x0000000080000000, 0x0000000100000000)
  region size 1024K, 3 young (3072K), 3 survivors (3072K)
 Metaspace       used 26691K, committed 27200K, reserved 1114112K
  class space    used 3257K, committed 3520K, reserved 1048576K
}

Dll operation events (3 events):
Event: 0.030 Loaded shared library C:\Program Files\Android\Android Studio\jbr\bin\java.dll
Event: 0.047 Loaded shared library C:\Program Files\Android\Android Studio\jbr\bin\zip.dll
Event: 3.735 Loaded shared library C:\Program Files\Android\Android Studio\jbr\bin\verify.dll

Deoptimization events (20 events):
Event: 23.559 Thread 0x000001ef61670160 Uncommon trap: trap_request=0xffffff45 fr.pc=0x000001ef4f5061d4 relative=0x0000000000000f14
Event: 23.559 Thread 0x000001ef61670160 Uncommon trap: reason=unstable_if action=reinterpret pc=0x000001ef4f5061d4 method=java.lang.invoke.LambdaForm$Name.replaceNames([Ljava/lang/invoke/LambdaForm$Name;[Ljava/lang/invoke/LambdaForm$Name;II)Ljava/lang/invoke/LambdaForm$Name; @ 3 c2
Event: 23.559 Thread 0x000001ef61670160 DEOPT PACKING pc=0x000001ef4f5061d4 sp=0x000000797acfd080
Event: 23.559 Thread 0x000001ef61670160 DEOPT UNPACKING pc=0x000001ef4ee9469c sp=0x000000797acfd048 mode 2
Event: 25.404 Thread 0x000001ef61662270 Uncommon trap: trap_request=0xffffff45 fr.pc=0x000001ef4f4db53c relative=0x000000000000019c
Event: 25.405 Thread 0x000001ef61662270 Uncommon trap: reason=unstable_if action=reinterpret pc=0x000001ef4f4db53c method=java.util.concurrent.locks.ReentrantLock$NonfairSync.initialTryLock()Z @ 25 c2
Event: 25.405 Thread 0x000001ef61662270 DEOPT PACKING pc=0x000001ef4f4db53c sp=0x000000797b1fefd0
Event: 25.405 Thread 0x000001ef61662270 DEOPT UNPACKING pc=0x000001ef4ee9469c sp=0x000000797b1fef70 mode 2
Event: 27.940 Thread 0x000001ef61670160 Uncommon trap: trap_request=0xffffff45 fr.pc=0x000001ef4f405b14 relative=0x0000000000000c94
Event: 27.940 Thread 0x000001ef61670160 Uncommon trap: reason=unstable_if action=reinterpret pc=0x000001ef4f405b14 method=java.io.WinNTFileSystem.resolve(Ljava/lang/String;Ljava/lang/String;)Ljava/lang/String; @ 19 c2
Event: 27.940 Thread 0x000001ef61670160 DEOPT PACKING pc=0x000001ef4f405b14 sp=0x000000797acfb0a0
Event: 27.940 Thread 0x000001ef61670160 DEOPT UNPACKING pc=0x000001ef4ee9469c sp=0x000000797acfb038 mode 2
Event: 27.960 Thread 0x000001ef61670160 Uncommon trap: trap_request=0xffffff45 fr.pc=0x000001ef4f41223c relative=0x00000000000005dc
Event: 27.960 Thread 0x000001ef61670160 Uncommon trap: reason=unstable_if action=reinterpret pc=0x000001ef4f41223c method=java.io.File.getName()Ljava/lang/String; @ 16 c2
Event: 27.960 Thread 0x000001ef61670160 DEOPT PACKING pc=0x000001ef4f41223c sp=0x000000797acfb060
Event: 27.960 Thread 0x000001ef61670160 DEOPT UNPACKING pc=0x000001ef4ee9469c sp=0x000000797acfb030 mode 2
Event: 29.812 Thread 0x000001ef61670160 Uncommon trap: trap_request=0xffffff45 fr.pc=0x000001ef4f40af14 relative=0x00000000000000f4
Event: 29.812 Thread 0x000001ef61670160 Uncommon trap: reason=unstable_if action=reinterpret pc=0x000001ef4f40af14 method=java.util.HashMap.hash(Ljava/lang/Object;)I @ 1 c2
Event: 29.812 Thread 0x000001ef61670160 DEOPT PACKING pc=0x000001ef4f40af14 sp=0x000000797acfc160
Event: 29.812 Thread 0x000001ef61670160 DEOPT UNPACKING pc=0x000001ef4ee9469c sp=0x000000797acfc0a0 mode 2

Classes loaded (20 events):
Event: 43.806 Loading class java/io/ObjectInput done
Event: 43.806 Loading class java/io/ObjectStreamConstants
Event: 43.806 Loading class java/io/ObjectStreamConstants done
Event: 43.806 Loading class java/io/ObjectInputStream done
Event: 43.808 Loading class java/io/ObjectOutputStream
Event: 43.809 Loading class java/io/ObjectOutput
Event: 43.809 Loading class java/io/ObjectOutput done
Event: 43.809 Loading class java/io/ObjectOutputStream done
Event: 45.073 Loading class javax/xml/parsers/ParserConfigurationException
Event: 45.073 Loading class javax/xml/parsers/ParserConfigurationException done
Event: 45.073 Loading class org/xml/sax/SAXException
Event: 45.074 Loading class org/xml/sax/SAXException done
Event: 45.074 Loading class javax/xml/xpath/XPathExpressionException
Event: 45.074 Loading class javax/xml/xpath/XPathException
Event: 45.074 Loading class javax/xml/xpath/XPathException done
Event: 45.074 Loading class javax/xml/xpath/XPathExpressionException done
Event: 45.074 Loading class org/xml/sax/ErrorHandler
Event: 45.074 Loading class org/xml/sax/ErrorHandler done
Event: 45.138 Loading class java/nio/file/AtomicMoveNotSupportedException
Event: 45.138 Loading class java/nio/file/AtomicMoveNotSupportedException done

Classes unloaded (0 events):
No events

Classes redefined (0 events):
No events

Internal exceptions (20 events):
Event: 30.285 Thread 0x000001ef61670160 Exception <a 'java/lang/NoSuchMethodError'{0x0000000081d285b8}: 'int java.lang.invoke.DirectMethodHandle$Holder.invokeStatic(java.lang.Object, java.lang.Object, java.lang.Object, java.lang.Object)'> (0x0000000081d285b8) 
thrown [s\src\hotspot\share\interpreter\linkResolver.cpp, line 784]
Event: 31.615 Thread 0x000001ef61670160 Exception <a 'java/lang/NoSuchMethodError'{0x0000000087f1b698}: 'java.lang.Object java.lang.invoke.DelegatingMethodHandle$Holder.reinvoke_L(java.lang.Object, java.lang.Object, java.lang.Object, java.lang.Object, java.lang.Object, java.lang.Object, java.lang.Object, java.lang.Object, java.lang.Object, java.lang.Object, java.lang.Object, java.lang.Object, java.lang.Object, java.lang.Object, java.lang.Object, java.lang.Object, java.lang.Object, java.lang.Object, java.lang.Object, java.lang.Object, java.lang.O
Event: 31.631 Thread 0x000001ef61670160 Exception <a 'java/lang/NoSuchMethodError'{0x0000000087fe2d78}: 'java.lang.Object java.lang.invoke.DirectMethodHandle$Holder.invokeStatic(java.lang.Object, java.lang.Object, java.lang.Object, java.lang.Object, java.lang.Object, java.lang.Object, java.lang.Object, java.lang.Object, java.lang.Object, java.lang.Object, java.lang.Object, java.lang.Object, java.lang.Object, java.lang.Object, java.lang.Object, java.lang.Object, java.lang.Object)'> (0x0000000087fe2d78) 
thrown [s\src\hotspot\share\interpreter\lin
Event: 31.636 Thread 0x000001ef61670160 Exception <a 'java/lang/NoSuchMethodError'{0x000000008620bac8}: 'java.lang.Object java.lang.invoke.DirectMethodHandle$Holder.invokeStatic(java.lang.Object, java.lang.Object, java.lang.Object, java.lang.Object, java.lang.Object, java.lang.Object, java.lang.Object, java.lang.Object, java.lang.Object, java.lang.Object, java.lang.Object, java.lang.Object, java.lang.Object, java.lang.Object, java.lang.Object, java.lang.Object, java.lang.Object, java.lang.Object)'> (0x000000008620bac8) 
thrown [s\src\hotspot\sha
Event: 31.645 Thread 0x000001ef61670160 Exception <a 'java/lang/NoSuchMethodError'{0x00000000862358a8}: 'java.lang.Object java.lang.invoke.DirectMethodHandle$Holder.invokeStatic(java.lang.Object, java.lang.Object, java.lang.Object, java.lang.Object, java.lang.Object, java.lang.Object, java.lang.Object, java.lang.Object, java.lang.Object, java.lang.Object, java.lang.Object, java.lang.Object, java.lang.Object, java.lang.Object, java.lang.Object, java.lang.Object, java.lang.Object, java.lang.Object, java.lang.Object)'> (0x00000000862358a8) 
thrown 
Event: 31.650 Thread 0x000001ef61670160 Exception <a 'java/lang/NoSuchMethodError'{0x0000000086260aa0}: 'java.lang.Object java.lang.invoke.DirectMethodHandle$Holder.invokeStatic(java.lang.Object, java.lang.Object, java.lang.Object, java.lang.Object, java.lang.Object, java.lang.Object, java.lang.Object, java.lang.Object, java.lang.Object, java.lang.Object, java.lang.Object, java.lang.Object, java.lang.Object, java.lang.Object, java.lang.Object, java.lang.Object, java.lang.Object, java.lang.Object, java.lang.Object, java.lang.Object)'> (0x00000000
Event: 31.655 Thread 0x000001ef61670160 Exception <a 'java/lang/NoSuchMethodError'{0x000000008628d138}: 'java.lang.Object java.lang.invoke.DirectMethodHandle$Holder.invokeStatic(java.lang.Object, java.lang.Object, java.lang.Object, java.lang.Object, java.lang.Object, java.lang.Object, java.lang.Object, java.lang.Object, java.lang.Object, java.lang.Object, java.lang.Object, java.lang.Object, java.lang.Object, java.lang.Object, java.lang.Object, java.lang.Object, java.lang.Object, java.lang.Object, java.lang.Object, java.lang.Object, java.lang.Obj
Event: 31.660 Thread 0x000001ef61670160 Exception <a 'java/lang/NoSuchMethodError'{0x00000000862ba6f0}: 'java.lang.Object java.lang.invoke.DirectMethodHandle$Holder.invokeStatic(java.lang.Object, java.lang.Object, java.lang.Object, java.lang.Object, java.lang.Object, java.lang.Object, java.lang.Object, java.lang.Object, java.lang.Object, java.lang.Object, java.lang.Object, java.lang.Object, java.lang.Object, java.lang.Object, java.lang.Object, java.lang.Object, java.lang.Object, java.lang.Object, java.lang.Object, java.lang.Object, java.lang.Obj
Event: 31.899 Thread 0x000001ef61670160 Exception <a 'java/lang/NoSuchMethodError'{0x00000000862e8d08}: 'java.lang.Object java.lang.invoke.DirectMethodHandle$Holder.invokeStatic(java.lang.Object, java.lang.Object, java.lang.Object, java.lang.Object, java.lang.Object, java.lang.Object, java.lang.Object, java.lang.Object, java.lang.Object, java.lang.Object, java.lang.Object, java.lang.Object, java.lang.Object, java.lang.Object, java.lang.Object, java.lang.Object, java.lang.Object, java.lang.Object, java.lang.Object, java.lang.Object, java.lang.Obj
Event: 32.334 Thread 0x000001ef61670160 Exception <a 'java/lang/NoSuchMethodError'{0x0000000086132388}: 'java.lang.Object java.lang.invoke.DirectMethodHandle$Holder.invokeStatic(java.lang.Object, java.lang.Object, java.lang.Object, java.lang.Object, java.lang.Object, java.lang.Object, java.lang.Object, java.lang.Object, java.lang.Object, java.lang.Object, java.lang.Object, java.lang.Object, java.lang.Object, java.lang.Object, java.lang.Object, java.lang.Object, java.lang.Object, java.lang.Object, java.lang.Object, java.lang.Object, java.lang.Obj
Event: 32.353 Thread 0x000001ef61670160 Exception <a 'java/lang/NoSuchMethodError'{0x00000000861625a8}: 'java.lang.Object java.lang.invoke.DirectMethodHandle$Holder.invokeStatic(java.lang.Object, java.lang.Object, java.lang.Object, java.lang.Object, java.lang.Object, java.lang.Object, java.lang.Object, java.lang.Object, java.lang.Object, java.lang.Object, java.lang.Object, java.lang.Object, java.lang.Object, java.lang.Object, java.lang.Object, java.lang.Object, java.lang.Object, java.lang.Object, java.lang.Object, java.lang.Object, java.lang.Obj
Event: 32.639 Thread 0x000001ef61670160 Exception <a 'java/lang/NoSuchMethodError'{0x0000000086193578}: 'java.lang.Object java.lang.invoke.DirectMethodHandle$Holder.invokeStatic(java.lang.Object, java.lang.Object, java.lang.Object, java.lang.Object, java.lang.Object, java.lang.Object, java.lang.Object, java.lang.Object, java.lang.Object, java.lang.Object, java.lang.Object, java.lang.Object, java.lang.Object, java.lang.Object, java.lang.Object, java.lang.Object, java.lang.Object, java.lang.Object, java.lang.Object, java.lang.Object, java.lang.Obj
Event: 33.767 Thread 0x000001ef61670160 Exception <a 'java/lang/NoSuchMethodError'{0x00000000861c5a30}: 'java.lang.Object java.lang.invoke.DirectMethodHandle$Holder.invokeStatic(java.lang.Object, java.lang.Object, java.lang.Object, java.lang.Object, java.lang.Object, java.lang.Object, java.lang.Object, java.lang.Object, java.lang.Object, java.lang.Object, java.lang.Object, java.lang.Object, java.lang.Object, java.lang.Object, java.lang.Object, java.lang.Object, java.lang.Object, java.lang.Object, java.lang.Object, java.lang.Object, java.lang.Obj
Event: 35.624 Thread 0x000001ef61670160 Exception <a 'java/lang/IncompatibleClassChangeError'{0x00000000860f1418}: Found class java.lang.Object, but interface was expected> (0x00000000860f1418) 
thrown [s\src\hotspot\share\interpreter\linkResolver.cpp, line 851]
Event: 43.349 Thread 0x000001ef61670160 Exception <a 'java/lang/IncompatibleClassChangeError'{0x00000000833485f0}: Found class java.lang.Object, but interface was expected> (0x00000000833485f0) 
thrown [s\src\hotspot\share\interpreter\linkResolver.cpp, line 851]
Event: 43.364 Thread 0x000001ef61670160 Exception <a 'java/lang/NoSuchMethodError'{0x0000000083374610}: 'java.lang.Object java.lang.invoke.DirectMethodHandle$Holder.newInvokeSpecial(java.lang.Object, java.lang.Object, java.lang.Object, java.lang.Object, java.lang.Object, java.lang.Object, java.lang.Object, java.lang.Object, java.lang.Object, java.lang.Object)'> (0x0000000083374610) 
thrown [s\src\hotspot\share\interpreter\linkResolver.cpp, line 784]
Event: 44.107 Thread 0x000001ef61670160 Exception <a 'java/lang/NoSuchMethodError'{0x0000000083012b60}: 'int java.lang.invoke.DirectMethodHandle$Holder.invokeStaticInit(java.lang.Object, java.lang.Object, java.lang.Object)'> (0x0000000083012b60) 
thrown [s\src\hotspot\share\interpreter\linkResolver.cpp, line 784]
Event: 44.269 Thread 0x000001ef61670160 Exception <a 'java/lang/NoSuchMethodError'{0x0000000082f754e8}: 'java.lang.Object java.lang.invoke.DirectMethodHandle$Holder.invokeVirtual(java.lang.Object, java.lang.Object, java.lang.Object, java.lang.Object, java.lang.Object, java.lang.Object, java.lang.Object, java.lang.Object, java.lang.Object, java.lang.Object, java.lang.Object)'> (0x0000000082f754e8) 
thrown [s\src\hotspot\share\interpreter\linkResolver.cpp, line 784]
Event: 44.650 Thread 0x000001ef61670160 Exception <a 'java/lang/NoSuchMethodError'{0x0000000082b771d8}: 'void java.lang.invoke.DirectMethodHandle$Holder.invokeVirtual(java.lang.Object, java.lang.Object, java.lang.Object, java.lang.Object, java.lang.Object)'> (0x0000000082b771d8) 
thrown [s\src\hotspot\share\interpreter\linkResolver.cpp, line 784]
Event: 44.997 Thread 0x000001ef61670160 Exception <a 'java/lang/NoSuchMethodError'{0x0000000082436638}: 'java.lang.Object java.lang.invoke.DirectMethodHandle$Holder.invokeVirtual(java.lang.Object, java.lang.Object, java.lang.Object, java.lang.Object, java.lang.Object, java.lang.Object, java.lang.Object, java.lang.Object, java.lang.Object, java.lang.Object, java.lang.Object, java.lang.Object, java.lang.Object, java.lang.Object, java.lang.Object, java.lang.Object, java.lang.Object, java.lang.Object, java.lang.Object, java.lang.Object, java.lang.Ob

ZGC Phase Switch (0 events):
No events

VM Operations (20 events):
Event: 34.522 Executing VM operation: HandshakeAllThreads (Deoptimize)
Event: 34.522 Executing VM operation: HandshakeAllThreads (Deoptimize) done
Event: 34.523 Executing VM operation: Cleanup
Event: 34.523 Executing VM operation: Cleanup done
Event: 34.523 Executing VM operation: HandshakeAllThreads (Deoptimize)
Event: 34.523 Executing VM operation: HandshakeAllThreads (Deoptimize) done
Event: 36.784 Executing VM operation: Cleanup
Event: 36.998 Executing VM operation: Cleanup done
Event: 38.005 Executing VM operation: Cleanup
Event: 38.183 Executing VM operation: Cleanup done
Event: 39.251 Executing VM operation: Cleanup
Event: 39.300 Executing VM operation: Cleanup done
Event: 40.732 Executing VM operation: Cleanup
Event: 40.859 Executing VM operation: Cleanup done
Event: 41.984 Executing VM operation: Cleanup
Event: 41.984 Executing VM operation: Cleanup done
Event: 44.070 Executing VM operation: Cleanup
Event: 44.071 Executing VM operation: Cleanup done
Event: 45.081 Executing VM operation: Cleanup
Event: 45.081 Executing VM operation: Cleanup done

Memory protections (0 events):
No events

Nmethod flushes (0 events):
No events

Events (20 events):
Event: 5.335 Loaded shared library C:\Users\Admin\.gradle\native\0.2.7\x86_64-windows-gnu\gradle-fileevents.dll
Event: 14.960 Loaded shared library C:\Program Files\Android\Android Studio\jbr\bin\management.dll
Event: 14.972 Loaded shared library C:\Program Files\Android\Android Studio\jbr\bin\management_ext.dll
Event: 15.231 Thread 0x000001ef447bfb50 Thread added: 0x000001ef614f2b60
Event: 16.495 Loaded shared library C:\Program Files\Android\Android Studio\jbr\bin\extnet.dll
Event: 18.922 Thread 0x000001ef447bfb50 Thread added: 0x000001ef601a4820
Event: 19.790 Thread 0x000001ef447bfb50 Thread added: 0x000001ef60151370
Event: 19.973 Thread 0x000001ef601a4820 Thread added: 0x000001ef6036d020
Event: 19.997 Thread 0x000001ef6036d020 Thread added: 0x000001ef6036bbe0
Event: 20.136 Thread 0x000001ef6036d020 Thread added: 0x000001ef6166fb00
Event: 20.185 Thread 0x000001ef6036d020 Thread added: 0x000001ef61670160
Event: 20.240 Thread 0x000001ef61670160 Thread added: 0x000001ef61663620
Event: 20.250 Thread 0x000001ef61670160 Thread added: 0x000001ef61661550
Event: 20.255 Thread 0x000001ef61670160 Thread added: 0x000001ef61661be0
Event: 25.387 Thread 0x000001ef61670160 Thread added: 0x000001ef616649d0
Event: 25.404 Thread 0x000001ef61670160 Thread added: 0x000001ef61662270
Event: 25.662 Thread 0x000001ef61670160 Thread added: 0x000001ef61662900
Event: 31.666 Thread 0x000001ef5b7ddca0 Thread added: 0x000001ef6014b6b0
Event: 32.306 Thread 0x000001ef6014b6b0 Thread exited: 0x000001ef6014b6b0
Event: 45.067 Thread 0x000001ef5b7ddca0 Thread added: 0x000001ef624bf350


Dynamic libraries:
0x00007ff6e46a0000 - 0x00007ff6e46aa000 	C:\Program Files\Android\Android Studio\jbr\bin\java.exe
0x00007fff1aa10000 - 0x00007fff1ac28000 	C:\Windows\SYSTEM32\ntdll.dll
0x00007fff19960000 - 0x00007fff19a24000 	C:\Windows\System32\KERNEL32.DLL
0x00007fff17c90000 - 0x00007fff18063000 	C:\Windows\System32\KERNELBASE.dll
0x00007fff18280000 - 0x00007fff18391000 	C:\Windows\System32\ucrtbase.dll
0x00007ffee5e90000 - 0x00007ffee5ea8000 	C:\Program Files\Android\Android Studio\jbr\bin\jli.dll
0x00007fff1a730000 - 0x00007fff1a8e2000 	C:\Windows\System32\USER32.dll
0x00007fff17b20000 - 0x00007fff17b46000 	C:\Windows\System32\win32u.dll
0x00007fff18880000 - 0x00007fff188a9000 	C:\Windows\System32\GDI32.dll
0x00007fff18420000 - 0x00007fff1853b000 	C:\Windows\System32\gdi32full.dll
0x00007fff18070000 - 0x00007fff1810a000 	C:\Windows\System32\msvcp_win.dll
0x00007fff11dd0000 - 0x00007fff11deb000 	C:\Program Files\Android\Android Studio\jbr\bin\VCRUNTIME140.dll
0x00007fff09180000 - 0x00007fff0941c000 	C:\Windows\WinSxS\amd64_microsoft.windows.common-controls_6595b64144ccf1df_6.0.22621.6060_none_2712eda17382d24b\COMCTL32.dll
0x00007fff19b70000 - 0x00007fff19c17000 	C:\Windows\System32\msvcrt.dll
0x00007fff1a900000 - 0x00007fff1a931000 	C:\Windows\System32\IMM32.DLL
0x00007fff144d0000 - 0x00007fff144dc000 	C:\Program Files\Android\Android Studio\jbr\bin\vcruntime140_1.dll
0x00007ffed9080000 - 0x00007ffed910d000 	C:\Program Files\Android\Android Studio\jbr\bin\msvcp140.dll
0x00007ffebf100000 - 0x00007ffebfd8b000 	C:\Program Files\Android\Android Studio\jbr\bin\server\jvm.dll
0x00007fff19ab0000 - 0x00007fff19b61000 	C:\Windows\System32\ADVAPI32.dll
0x00007fff19c30000 - 0x00007fff19cd8000 	C:\Windows\System32\sechost.dll
0x00007fff181d0000 - 0x00007fff181f8000 	C:\Windows\System32\bcrypt.dll
0x00007fff19840000 - 0x00007fff19958000 	C:\Windows\System32\RPCRT4.dll
0x00007fff186c0000 - 0x00007fff18731000 	C:\Windows\System32\WS2_32.dll
0x00007fff179f0000 - 0x00007fff17a3d000 	C:\Windows\SYSTEM32\POWRPROF.dll
0x00007fff11ea0000 - 0x00007fff11ed4000 	C:\Windows\SYSTEM32\WINMM.dll
0x00007fff0ae00000 - 0x00007fff0ae0a000 	C:\Windows\SYSTEM32\VERSION.dll
0x00007fff179d0000 - 0x00007fff179e3000 	C:\Windows\SYSTEM32\UMPDC.dll
0x00007fff16b00000 - 0x00007fff16b18000 	C:\Windows\SYSTEM32\kernel.appcore.dll
0x00007fff13c90000 - 0x00007fff13c9a000 	C:\Program Files\Android\Android Studio\jbr\bin\jimage.dll
0x00007fff15500000 - 0x00007fff15733000 	C:\Windows\SYSTEM32\DBGHELP.DLL
0x00007fff19fc0000 - 0x00007fff1a351000 	C:\Windows\System32\combase.dll
0x00007fff187a0000 - 0x00007fff18878000 	C:\Windows\System32\OLEAUT32.dll
0x00007ffeeeef0000 - 0x00007ffeeef22000 	C:\Windows\SYSTEM32\dbgcore.DLL
0x00007fff183a0000 - 0x00007fff1841b000 	C:\Windows\System32\bcryptPrimitives.dll
0x00007fff097b0000 - 0x00007fff097be000 	C:\Program Files\Android\Android Studio\jbr\bin\instrument.dll
0x00007fff11db0000 - 0x00007fff11dd0000 	C:\Program Files\Android\Android Studio\jbr\bin\java.dll
0x00007fff11d90000 - 0x00007fff11da8000 	C:\Program Files\Android\Android Studio\jbr\bin\zip.dll
0x00007fff18d90000 - 0x00007fff1962c000 	C:\Windows\System32\SHELL32.dll
0x00007fff17b50000 - 0x00007fff17c8f000 	C:\Windows\System32\wintypes.dll
0x00007fff15a20000 - 0x00007fff1633a000 	C:\Windows\SYSTEM32\windows.storage.dll
0x00007fff19eb0000 - 0x00007fff19fb4000 	C:\Windows\System32\SHCORE.dll
0x00007fff1a360000 - 0x00007fff1a3c9000 	C:\Windows\System32\shlwapi.dll
0x00007fff17a50000 - 0x00007fff17a75000 	C:\Windows\SYSTEM32\profapi.dll
0x00007fff12090000 - 0x00007fff120a0000 	C:\Program Files\Android\Android Studio\jbr\bin\net.dll
0x00007fff113c0000 - 0x00007fff114ec000 	C:\Windows\SYSTEM32\WINHTTP.dll
0x00007fff16fe0000 - 0x00007fff17049000 	C:\Windows\system32\mswsock.dll
0x00007fff11d20000 - 0x00007fff11d36000 	C:\Program Files\Android\Android Studio\jbr\bin\nio.dll
0x00007fff11cf0000 - 0x00007fff11d00000 	C:\Program Files\Android\Android Studio\jbr\bin\verify.dll
0x00007ffee5eb0000 - 0x00007ffee5ed7000 	C:\Users\Admin\.gradle\native\1def1411415f61bf3af743bc5b6707747c0891f09f0c88961ee8f79bc544acac\windows-amd64\native-platform.dll
0x00007ffecb790000 - 0x00007ffecb808000 	C:\Users\Admin\.gradle\native\0.2.7\x86_64-windows-gnu\gradle-fileevents.dll
0x00007fff11d10000 - 0x00007fff11d19000 	C:\Program Files\Android\Android Studio\jbr\bin\management.dll
0x00007fff11d00000 - 0x00007fff11d0b000 	C:\Program Files\Android\Android Studio\jbr\bin\management_ext.dll
0x00007fff186b0000 - 0x00007fff186b8000 	C:\Windows\System32\PSAPI.DLL
0x00007fff165a0000 - 0x00007fff165cd000 	C:\Windows\SYSTEM32\IPHLPAPI.DLL
0x00007fff19c20000 - 0x00007fff19c29000 	C:\Windows\System32\NSI.dll
0x00007fff11f70000 - 0x00007fff11f79000 	C:\Program Files\Android\Android Studio\jbr\bin\extnet.dll
0x00007fff17230000 - 0x00007fff1724b000 	C:\Windows\SYSTEM32\CRYPTSP.dll
0x00007fff16a60000 - 0x00007fff16a97000 	C:\Windows\system32\rsaenh.dll
0x00007fff170d0000 - 0x00007fff170f8000 	C:\Windows\SYSTEM32\USERENV.dll
0x00007fff17250000 - 0x00007fff1725c000 	C:\Windows\SYSTEM32\CRYPTBASE.dll
0x00007fff12020000 - 0x00007fff12028000 	C:\Windows\system32\wshunix.dll

dbghelp: loaded successfully - version: 4.0.5 - missing functions: none
symbol engine: initialized successfully - sym options: 0x614 - pdb path: .;C:\Program Files\Android\Android Studio\jbr\bin;C:\Windows\SYSTEM32;C:\Windows\WinSxS\amd64_microsoft.windows.common-controls_6595b64144ccf1df_6.0.22621.6060_none_2712eda17382d24b;C:\Program Files\Android\Android Studio\jbr\bin\server;C:\Users\Admin\.gradle\native\1def1411415f61bf3af743bc5b6707747c0891f09f0c88961ee8f79bc544acac\windows-amd64;C:\Users\Admin\.gradle\native\0.2.7\x86_64-windows-gnu

VM Arguments:
jvm_args: --add-opens=java.base/java.lang=ALL-UNNAMED --add-opens=java.base/java.lang.invoke=ALL-UNNAMED --add-opens=java.base/java.util=ALL-UNNAMED --add-opens=java.prefs/java.util.prefs=ALL-UNNAMED --add-exports=jdk.compiler/com.sun.tools.javac.api=ALL-UNNAMED --add-exports=jdk.compiler/com.sun.tools.javac.util=ALL-UNNAMED --add-opens=java.base/java.util=ALL-UNNAMED --add-opens=java.prefs/java.util.prefs=ALL-UNNAMED --add-opens=java.base/java.nio.charset=ALL-UNNAMED --add-opens=java.base/java.net=ALL-UNNAMED --add-opens=java.base/java.util.concurrent.atomic=ALL-UNNAMED --add-opens=java.xml/javax.xml.namespace=ALL-UNNAMED -Xmx2048m -Dfile.encoding=UTF-8 -Duser.country=US -Duser.language=en -Duser.variant -javaagent:C:\Users\Admin\.gradle\wrapper\dists\gradle-9.0-milestone-1-bin\3vdepk4s12bybhohyuvjcm1bd\gradle-9.0-milestone-1\lib\agents\gradle-instrumentation-agent-9.0.jar 
java_command: org.gradle.launcher.daemon.bootstrap.GradleDaemon 9.0-milestone-1
java_class_path (initial): C:\Users\Admin\.gradle\wrapper\dists\gradle-9.0-milestone-1-bin\3vdepk4s12bybhohyuvjcm1bd\gradle-9.0-milestone-1\lib\gradle-daemon-main-9.0.jar
Launcher Type: SUN_STANDARD

[Global flags]
     intx CICompilerCount                          = 3                                         {product} {ergonomic}
     uint ConcGCThreads                            = 1                                         {product} {ergonomic}
     uint G1ConcRefinementThreads                  = 4                                         {product} {ergonomic}
   size_t G1HeapRegionSize                         = 1048576                                   {product} {ergonomic}
    uintx GCDrainStackTargetSize                   = 64                                        {product} {ergonomic}
   size_t InitialHeapSize                          = 134217728                                 {product} {ergonomic}
   size_t MarkStackSize                            = 4194304                                   {product} {ergonomic}
   size_t MaxHeapSize                              = 2147483648                                {product} {command line}
   size_t MaxNewSize                               = 1287651328                                {product} {ergonomic}
   size_t MinHeapDeltaBytes                        = 1048576                                   {product} {ergonomic}
   size_t MinHeapSize                              = 8388608                                   {product} {ergonomic}
    uintx NonNMethodCodeHeapSize                   = 5832780                                {pd product} {ergonomic}
    uintx NonProfiledCodeHeapSize                  = 122912730                              {pd product} {ergonomic}
    uintx ProfiledCodeHeapSize                     = 122912730                              {pd product} {ergonomic}
    uintx ReservedCodeCacheSize                    = 251658240                              {pd product} {ergonomic}
     bool SegmentedCodeCache                       = true                                      {product} {ergonomic}
   size_t SoftMaxHeapSize                          = 2147483648                             {manageable} {ergonomic}
     bool UseCompressedOops                        = true                           {product lp64_product} {ergonomic}
     bool UseG1GC                                  = true                                      {product} {ergonomic}
     bool UseLargePagesIndividualAllocation        = false                                  {pd product} {ergonomic}

Logging:
Log output configuration:
 #0: stdout all=warning uptime,level,tags foldmultilines=false
 #1: stderr all=off uptime,level,tags foldmultilines=false

Environment Variables:
PATH=C:\Windows\system32;C:\Windows;C:\Windows\System32\Wbem;C:\Windows\System32\WindowsPowerShell\v1.0\;C:\Windows\System32\OpenSSH\;C:\Program Files\Git\cmd;C:\Program Files\nodejs\;C:\Program Files\Microsoft SQL Server\Client SDK\ODBC\130\Tools\Binn\;C:\Program Files (x86)\Microsoft SQL Server\130\Tools\Binn\;C:\Program Files\Microsoft SQL Server\130\Tools\Binn\;C:\Program Files\Microsoft SQL Server\130\DTS\Binn\;C:\Program Files\dotnet\;C:\Users\Admin\AppData\Local\Programs\Python\Python313\;C:\Users\Admin\AppData\Local\Programs\Python\Python313\Scripts\;C:\Users\Admin\AppData\Local\Microsoft\WindowsApps;C:\Users\Admin\AppData\Local\Programs\Microsoft VS Code\bin;C:\Users\Admin\AppData\Roaming\npm;C:\Users\Admin\AppData\Local\Android\Sdk\platform-tools
USERNAME=Admin
OS=Windows_NT
PROCESSOR_IDENTIFIER=Intel64 Family 6 Model 78 Stepping 3, GenuineIntel
TMP=C:\Users\Admin\AppData\Local\Temp
TEMP=C:\Users\Admin\AppData\Local\Temp




Periodic native trim disabled

JNI global refs:
JNI global refs: 22, weak refs: 0

JNI global refs memory usage: 835, weak refs: 201

Process memory usage:
Resident Set Size: 191780K (2% of 8279988K total physical memory with 904960K free physical memory)

OOME stack traces (most recent first):
Classloader memory used:
Loader bootstrap                                                                       : 16464K
Loader org.gradle.internal.classloader.VisitableURLClassLoader                         : 12291K
Loader org.gradle.initialization.MixInLegacyTypesClassLoader                           : 1924K
Loader jdk.internal.loader.ClassLoaders$AppClassLoader                                 : 237K
Loader jdk.internal.loader.ClassLoaders$PlatformClassLoader                            : 114K

Classes loaded by more than one classloader:
Class org.gradle.internal.classloader.FilteringClassLoader                            : loaded 2 times (x 101B)
Class org.gradle.internal.classloader.ClassLoaderHierarchy                            : loaded 2 times (x 66B)
Class org.gradle.api.internal.classpath.ManifestUtil                                  : loaded 2 times (x 67B)
Class org.gradle.internal.classloader.DefaultClassLoaderFactory                       : loaded 2 times (x 78B)
Class org.gradle.internal.classloader.ClassLoaderVisitor                              : loaded 2 times (x 72B)
Class org.gradle.api.internal.classpath.EffectiveClassPath                            : loaded 2 times (x 86B)
Class org.gradle.api.internal.DefaultClassPathProvider                                : loaded 2 times (x 72B)
Class [Lorg.gradle.api.internal.ClassPathProvider;                                    : loaded 2 times (x 65B)
Class org.gradle.api.internal.ClassPathProvider                                       : loaded 2 times (x 66B)
Class org.gradle.internal.service.UnknownServiceException                             : loaded 2 times (x 79B)
Class org.gradle.internal.classpath.TransformedClassPath                              : loaded 2 times (x 92B)
Class org.gradle.internal.classloader.InstrumentingClassLoader                        : loaded 2 times (x 66B)
Class org.gradle.internal.service.ServiceLocator                                      : loaded 2 times (x 66B)
Class org.gradle.internal.InternalTransformer                                         : loaded 2 times (x 66B)
Class org.gradle.internal.classloader.ClasspathUtil$1                                 : loaded 2 times (x 72B)
Class org.gradle.api.internal.classpath.DefaultModuleRegistry$DefaultModule           : loaded 2 times (x 82B)
Class org.gradle.api.internal.classpath.Module                                        : loaded 2 times (x 66B)
Class org.gradle.api.internal.classpath.UnknownModuleException                        : loaded 2 times (x 78B)
Class org.gradle.api.internal.DefaultClassPathRegistry                                : loaded 2 times (x 72B)
Class org.gradle.api.internal.ClassPathRegistry                                       : loaded 2 times (x 66B)
Class org.gradle.internal.classpath.DefaultClassPath$ImmutableUniqueList              : loaded 2 times (x 195B)
Class org.gradle.internal.classpath.ClassPath                                         : loaded 2 times (x 66B)
Class org.gradle.api.UncheckedIOException                                             : loaded 2 times (x 78B)
Class org.gradle.internal.installation.GradleInstallation$1                           : loaded 2 times (x 71B)
Class org.gradle.api.internal.classpath.ModuleRegistry                                : loaded 2 times (x 66B)
Class org.gradle.api.internal.classpath.DefaultModuleRegistry                         : loaded 2 times (x 82B)
Class org.gradle.internal.service.ServiceLookupException                              : loaded 2 times (x 78B)
Class org.gradle.internal.classloader.ClassLoaderFactory                              : loaded 2 times (x 66B)
Class org.gradle.internal.service.CachingServiceLocator                               : loaded 2 times (x 78B)
Class org.gradle.internal.classloader.ClasspathUtil                                   : loaded 2 times (x 67B)
Class org.gradle.api.specs.Spec                                                       : loaded 2 times (x 66B)
Class org.gradle.internal.classloader.VisitableURLClassLoader$InstrumentingVisitableURLClassLoader: loaded 2 times (x 119B)
Class org.gradle.internal.classloader.VisitableURLClassLoader$Spec                    : loaded 2 times (x 70B)
Class org.gradle.internal.classpath.DefaultClassPath                                  : loaded 2 times (x 86B)
Class org.gradle.internal.classloader.ClassLoaderSpec                                 : loaded 2 times (x 67B)
Class org.gradle.internal.classloader.VisitableURLClassLoader                         : loaded 2 times (x 113B)
Class org.gradle.internal.Cast                                                        : loaded 2 times (x 67B)
Class org.gradle.api.Action                                                           : loaded 2 times (x 66B)
Class org.gradle.internal.classpath.DefaultClassPath$ImmutableUniqueList$Builder      : loaded 2 times (x 71B)
Class org.gradle.api.GradleException                                                  : loaded 2 times (x 78B)
Class org.gradle.internal.IoActions                                                   : loaded 2 times (x 67B)
Class org.gradle.internal.classloader.SystemClassLoaderSpec                           : loaded 2 times (x 67B)
Class org.gradle.api.internal.classpath.GlobalCacheRootsProvider                      : loaded 2 times (x 66B)
Class org.gradle.internal.installation.CurrentGradleInstallationLocator               : loaded 2 times (x 67B)
Class org.gradle.internal.service.DefaultServiceLocator                               : loaded 2 times (x 79B)
Class org.gradle.internal.installation.CurrentGradleInstallation                      : loaded 2 times (x 69B)
Class org.gradle.util.internal.GUtil                                                  : loaded 2 times (x 67B)
Class org.gradle.internal.installation.GradleInstallation                             : loaded 2 times (x 71B)

---------------  S Y S T E M  ---------------

OS:
 Windows 11 , 64 bit Build 22621 (10.0.22621.5415)
OS uptime: 0 days 1:07 hours

CPU: total 4 (initial active 4) (2 cores per cpu, 2 threads per core) family 6 model 78 stepping 3 microcode 0xd6, cx8, cmov, fxsr, ht, mmx, 3dnowpref, sse, sse2, sse3, ssse3, sse4.1, sse4.2, popcnt, lzcnt, tsc, tscinvbit, aes, erms, clmul, clflush, clflushopt, rdtscp
Processor Information for the first 4 processors :
  Max Mhz: 2112, Current Mhz: 2112, Mhz Limit: 2112

Memory: 4k page, system-wide physical 8085M (883M free)
TotalPageFile size 8595M (AvailPageFile size 10M)
current process WorkingSet (physical memory assigned to process): 187M, peak: 188M
current process commit charge ("private bytes"): 225M, peak: 242M

vm_info: OpenJDK 64-Bit Server VM (21.0.6+-13391695-b895.109) for windows-amd64 JRE (21.0.6+-13391695-b895.109), built on 2025-04-22T21:19:17Z by "builder" with MS VC++ 16.10 / 16.11 (VS2019)

END.
