#
# There is insufficient memory for the Java Runtime Environment to continue.
# Native memory allocation (malloc) failed to allocate 32744 bytes. Error detail: Chunk::new
# Possible reasons:
#   The system is out of physical RAM or swap space
#   This process is running with CompressedOops enabled, and the Java Heap may be blocking the growth of the native heap
# Possible solutions:
#   Reduce memory load on the system
#   Increase physical memory or swap space
#   Check if swap backing store is full
#   Decrease Java heap size (-Xmx/-Xms)
#   Decrease number of Java threads
#   Decrease Java thread stack sizes (-Xss)
#   Set larger code cache with -XX:ReservedCodeCacheSize=
#   JVM is running with Unscaled Compressed Oops mode in which the Java heap is
#     placed in the first 4GB address space. The Java Heap base address is the
#     maximum limit for the native heap growth. Please use -XX:HeapBaseMinAddress
#     to set the Java Heap base and to place the Java Heap above 4GB virtual address.
# This output file may be truncated or incomplete.
#
#  Out of Memory Error (arena.cpp:168), pid=9168, tid=8476
#
# JRE version: OpenJDK Runtime Environment (21.0.6) (build 21.0.6+-13391695-b895.109)
# Java VM: OpenJDK 64-Bit Server VM (21.0.6+-13391695-b895.109, mixed mode, tiered, compressed oops, compressed class ptrs, g1 gc, windows-amd64)
# No core dump will be written. Minidumps are not enabled by default on client versions of Windows
#

---------------  S U M M A R Y ------------

Command Line: --add-opens=java.base/java.lang=ALL-UNNAMED --add-opens=java.base/java.lang.invoke=ALL-UNNAMED --add-opens=java.base/java.util=ALL-UNNAMED --add-opens=java.prefs/java.util.prefs=ALL-UNNAMED --add-exports=jdk.compiler/com.sun.tools.javac.api=ALL-UNNAMED --add-exports=jdk.compiler/com.sun.tools.javac.util=ALL-UNNAMED --add-opens=java.base/java.util=ALL-UNNAMED --add-opens=java.prefs/java.util.prefs=ALL-UNNAMED --add-opens=java.base/java.nio.charset=ALL-UNNAMED --add-opens=java.base/java.net=ALL-UNNAMED --add-opens=java.base/java.util.concurrent.atomic=ALL-UNNAMED --add-opens=java.xml/javax.xml.namespace=ALL-UNNAMED -Xmx2048m -Dfile.encoding=UTF-8 -Duser.country=US -Duser.language=en -Duser.variant -javaagent:C:\Users\Admin\.gradle\wrapper\dists\gradle-9.0-milestone-1-bin\3vdepk4s12bybhohyuvjcm1bd\gradle-9.0-milestone-1\lib\agents\gradle-instrumentation-agent-9.0.jar org.gradle.launcher.daemon.bootstrap.GradleDaemon 9.0-milestone-1

Host: Intel(R) Pentium(R) CPU 4405U @ 2.10GHz, 4 cores, 7G,  Windows 11 , 64 bit Build 22621 (10.0.22621.5415)
Time: Tue Feb  3 11:46:27 2026 E. Africa Standard Time elapsed time: 41.559062 seconds (0d 0h 0m 41s)

---------------  T H R E A D  ---------------

Current thread (0x0000028653e60d50):  JavaThread "C2 CompilerThread1" daemon [_thread_in_native, id=8476, stack(0x000000eab8f00000,0x000000eab9000000) (1024K)]


Current CompileTask:
C2:41559 4476   !   4       java.lang.ClassLoader::loadClass (121 bytes)

Stack: [0x000000eab8f00000,0x000000eab9000000]
Native frames: (J=compiled Java code, j=interpreted, Vv=VM code, C=native code)
V  [jvm.dll+0x6d0639]
V  [jvm.dll+0x85eb03]
V  [jvm.dll+0x86105e]
V  [jvm.dll+0x861743]
V  [jvm.dll+0x27e6e6]
V  [jvm.dll+0xbff6d]
V  [jvm.dll+0xc04a3]
V  [jvm.dll+0x6ac15d]
V  [jvm.dll+0x5edaec]
V  [jvm.dll+0x5ec246]
V  [jvm.dll+0x5ed0eb]
V  [jvm.dll+0x5f1cbc]
V  [jvm.dll+0x5f3d3d]
V  [jvm.dll+0x5f37cd]
V  [jvm.dll+0x5f36b0]
V  [jvm.dll+0x5fabdc]
V  [jvm.dll+0x250d92]
V  [jvm.dll+0x2496da]
V  [jvm.dll+0x24714e]
V  [jvm.dll+0x1c5f04]
V  [jvm.dll+0x2569ac]
V  [jvm.dll+0x254ef6]
V  [jvm.dll+0x3f0e96]
V  [jvm.dll+0x806ed8]
V  [jvm.dll+0x6cef0d]
C  [ucrtbase.dll+0x29333]
C  [KERNEL32.DLL+0x1259d]
C  [ntdll.dll+0x5af78]


---------------  P R O C E S S  ---------------

Threads class SMR info:
_java_thread_list=0x00000286523e8fe0, length=33, elements={
0x000002863593f350, 0x000002864c952680, 0x000002864c9531d0, 0x000002864c966e70,
0x000002864c954490, 0x000002864c955ef0, 0x000002864c98fdb0, 0x000002864c990740,
0x000002864c93d550, 0x000002864ca109a0, 0x000002864cc522b0, 0x0000028652341010,
0x0000028652649bc0, 0x000002864caaf260, 0x0000028651dccf70, 0x000002864cb95940,
0x00000286524dafd0, 0x00000286514619d0, 0x000002865289c8d0, 0x000002865289cf60,
0x000002865289bbb0, 0x000002865289c240, 0x000002865289d5f0, 0x000002865289e310,
0x000002865289e9a0, 0x000002865289b520, 0x00000286521aa480, 0x00000286521a62e0,
0x00000286521aab10, 0x00000286521a7000, 0x00000286521a55c0, 0x00000286521a7690,
0x0000028653e60d50
}

Java Threads: ( => current thread )
  0x000002863593f350 JavaThread "main"                              [_thread_blocked, id=11460, stack(0x000000eab6500000,0x000000eab6600000) (1024K)]
  0x000002864c952680 JavaThread "Reference Handler"          daemon [_thread_blocked, id=3948, stack(0x000000eab6d00000,0x000000eab6e00000) (1024K)]
  0x000002864c9531d0 JavaThread "Finalizer"                  daemon [_thread_blocked, id=13540, stack(0x000000eab6e00000,0x000000eab6f00000) (1024K)]
  0x000002864c966e70 JavaThread "Signal Dispatcher"          daemon [_thread_blocked, id=14428, stack(0x000000eab6f00000,0x000000eab7000000) (1024K)]
  0x000002864c954490 JavaThread "Attach Listener"            daemon [_thread_blocked, id=14740, stack(0x000000eab7000000,0x000000eab7100000) (1024K)]
  0x000002864c955ef0 JavaThread "Service Thread"             daemon [_thread_blocked, id=10644, stack(0x000000eab7100000,0x000000eab7200000) (1024K)]
  0x000002864c98fdb0 JavaThread "Monitor Deflation Thread"   daemon [_thread_blocked, id=5868, stack(0x000000eab7200000,0x000000eab7300000) (1024K)]
  0x000002864c990740 JavaThread "C2 CompilerThread0"         daemon [_thread_in_native, id=13180, stack(0x000000eab7300000,0x000000eab7400000) (1024K)]
  0x000002864c93d550 JavaThread "C1 CompilerThread0"         daemon [_thread_in_native, id=16268, stack(0x000000eab7400000,0x000000eab7500000) (1024K)]
  0x000002864ca109a0 JavaThread "Common-Cleaner"             daemon [_thread_blocked, id=11776, stack(0x000000eab7500000,0x000000eab7600000) (1024K)]
  0x000002864cc522b0 JavaThread "Notification Thread"        daemon [_thread_blocked, id=7812, stack(0x000000eab7600000,0x000000eab7700000) (1024K)]
  0x0000028652341010 JavaThread "Daemon health stats"               [_thread_blocked, id=1292, stack(0x000000eab7a00000,0x000000eab7b00000) (1024K)]
  0x0000028652649bc0 JavaThread "Incoming local TCP Connector on port 62096"        [_thread_in_native, id=9196, stack(0x000000eab7b00000,0x000000eab7c00000) (1024K)]
  0x000002864caaf260 JavaThread "Daemon periodic checks"            [_thread_blocked, id=6640, stack(0x000000eab7c00000,0x000000eab7d00000) (1024K)]
  0x0000028651dccf70 JavaThread "Daemon"                            [_thread_blocked, id=3352, stack(0x000000eab7d00000,0x000000eab7e00000) (1024K)]
  0x000002864cb95940 JavaThread "Handler for socket connection from /127.0.0.1:62096 to /127.0.0.1:62097"        [_thread_in_native, id=14452, stack(0x000000eab7e00000,0x000000eab7f00000) (1024K)]
  0x00000286524dafd0 JavaThread "Cancel handler"                    [_thread_blocked, id=7832, stack(0x000000eab7f00000,0x000000eab8000000) (1024K)]
  0x00000286514619d0 JavaThread "Daemon worker"                     [_thread_in_vm, id=5852, stack(0x000000eab8000000,0x000000eab8100000) (1024K)]
  0x000002865289c8d0 JavaThread "Asynchronous log dispatcher for DefaultDaemonConnection: socket connection from /127.0.0.1:62096 to /127.0.0.1:62097"        [_thread_blocked, id=15548, stack(0x000000eab8100000,0x000000eab8200000) (1024K)]
  0x000002865289cf60 JavaThread "Stdin handler"                     [_thread_blocked, id=12532, stack(0x000000eab8200000,0x000000eab8300000) (1024K)]
  0x000002865289bbb0 JavaThread "Daemon client event forwarder"        [_thread_blocked, id=15284, stack(0x000000eab8300000,0x000000eab8400000) (1024K)]
  0x000002865289c240 JavaThread "Cache worker for journal cache (C:\Users\Admin\.gradle\caches\journal-1)"        [_thread_blocked, id=15320, stack(0x000000eab8400000,0x000000eab8500000) (1024K)]
  0x000002865289d5f0 JavaThread "File lock request listener"        [_thread_in_native, id=2952, stack(0x000000eab8500000,0x000000eab8600000) (1024K)]
  0x000002865289e310 JavaThread "Cache worker for file hash cache (C:\Users\Admin\.gradle\caches\9.0-milestone-1\fileHashes)"        [_thread_blocked, id=15084, stack(0x000000eab8600000,0x000000eab8700000) (1024K)]
  0x000002865289e9a0 JavaThread "Cache worker for file hash cache (C:\Users\Admin\AndroidStudioProjects\EduNav\.gradle\9.0-milestone-1\fileHashes)"        [_thread_blocked, id=4828, stack(0x000000eab8700000,0x000000eab8800000) (1024K)]
  0x000002865289b520 JavaThread "Cache worker for Build Output Cleanup Cache (C:\Users\Admin\AndroidStudioProjects\EduNav\.gradle\buildOutputCleanup)"        [_thread_blocked, id=14660, stack(0x000000eab8800000,0x000000eab8900000) (1024K)]
  0x00000286521aa480 JavaThread "File watcher server"        daemon [_thread_in_native, id=15856, stack(0x000000eab8900000,0x000000eab8a00000) (1024K)]
  0x00000286521a62e0 JavaThread "File watcher consumer"      daemon [_thread_blocked, id=15960, stack(0x000000eab8a00000,0x000000eab8b00000) (1024K)]
  0x00000286521aab10 JavaThread "Cache worker for checksums cache (C:\Users\Admin\AndroidStudioProjects\EduNav\.gradle\9.0-milestone-1\checksums)"        [_thread_blocked, id=1528, stack(0x000000eab8b00000,0x000000eab8c00000) (1024K)]
  0x00000286521a7000 JavaThread "Cache worker for file content cache (C:\Users\Admin\.gradle\caches\9.0-milestone-1\fileContent)"        [_thread_blocked, id=12616, stack(0x000000eab8c00000,0x000000eab8d00000) (1024K)]
  0x00000286521a55c0 JavaThread "Cache worker for cache directory md-supplier (C:\Users\Admin\.gradle\caches\9.0-milestone-1\md-supplier)"        [_thread_blocked, id=15656, stack(0x000000eab8d00000,0x000000eab8e00000) (1024K)]
  0x00000286521a7690 JavaThread "Cache worker for cache directory md-rule (C:\Users\Admin\.gradle\caches\9.0-milestone-1\md-rule)"        [_thread_blocked, id=7416, stack(0x000000eab8e00000,0x000000eab8f00000) (1024K)]
=>0x0000028653e60d50 JavaThread "C2 CompilerThread1"         daemon [_thread_in_native, id=8476, stack(0x000000eab8f00000,0x000000eab9000000) (1024K)]
Total: 33

Other Threads:
  0x000002864c7be8f0 VMThread "VM Thread"                           [id=7904, stack(0x000000eab6c00000,0x000000eab6d00000) (1024K)]
  0x000002864c72c990 WatcherThread "VM Periodic Task Thread"        [id=15992, stack(0x000000eab6b00000,0x000000eab6c00000) (1024K)]
  0x000002863374e040 WorkerThread "GC Thread#0"                     [id=1900, stack(0x000000eab6600000,0x000000eab6700000) (1024K)]
  0x0000028651184a60 WorkerThread "GC Thread#1"                     [id=7808, stack(0x000000eab7700000,0x000000eab7800000) (1024K)]
  0x00000286510f04e0 WorkerThread "GC Thread#2"                     [id=12844, stack(0x000000eab7800000,0x000000eab7900000) (1024K)]
  0x00000286519d9ca0 WorkerThread "GC Thread#3"                     [id=4120, stack(0x000000eab7900000,0x000000eab7a00000) (1024K)]
  0x00000286359a4290 ConcurrentGCThread "G1 Main Marker"            [id=9328, stack(0x000000eab6700000,0x000000eab6800000) (1024K)]
  0x00000286359a4cb0 WorkerThread "G1 Conc#0"                       [id=260, stack(0x000000eab6800000,0x000000eab6900000) (1024K)]
  0x00000286359feac0 ConcurrentGCThread "G1 Refine#0"               [id=14856, stack(0x000000eab6900000,0x000000eab6a00000) (1024K)]
  0x000002864c5f3740 ConcurrentGCThread "G1 Service"                [id=6072, stack(0x000000eab6a00000,0x000000eab6b00000) (1024K)]
Total: 10

Threads with active compile tasks:
C2 CompilerThread0  41626 4417       4       java.net.URLClassLoader$1::run (5 bytes)
C1 CompilerThread0  41626 4554   !   3       java.net.URL::<init> (543 bytes)
C2 CompilerThread1  41626 4476   !   4       java.lang.ClassLoader::loadClass (121 bytes)
Total: 3

VM state: not at safepoint (normal execution)

VM Mutex/Monitor currently owned by a thread: None

Heap address: 0x0000000080000000, size: 2048 MB, Compressed Oops mode: 32-bit

CDS archive(s) not mapped
Compressed class space mapped at: 0x0000000100000000-0x0000000140000000, reserved size: 1073741824
Narrow klass base: 0x0000000000000000, Narrow klass shift: 3, Narrow klass range: 0x140000000

GC Precious Log:
 CardTable entry size: 512
 Card Set container configuration: InlinePtr #cards 5 size 8 Array Of Cards #cards 12 size 40 Howl #buckets 4 coarsen threshold 1843 Howl Bitmap #cards 512 size 80 coarsen threshold 460 Card regions per heap region 1 cards per card region 2048
 CPUs: 4 total, 4 available
 Memory: 8085M
 Large Page Support: Disabled
 NUMA Support: Disabled
 Compressed Oops: Enabled (32-bit)
 Heap Region Size: 1M
 Heap Min Capacity: 8M
 Heap Initial Capacity: 128M
 Heap Max Capacity: 2G
 Pre-touch: Disabled
 Parallel Workers: 4
 Concurrent Workers: 1
 Concurrent Refinement Workers: 4
 Periodic GC: Disabled

Heap:
 garbage-first heap   total 90112K, used 38342K [0x0000000080000000, 0x0000000100000000)
  region size 1024K, 7 young (7168K), 3 survivors (3072K)
 Metaspace       used 50657K, committed 52096K, reserved 1114112K
  class space    used 6726K, committed 7424K, reserved 1048576K

Heap Regions: E=young(eden), S=young(survivor), O=old, HS=humongous(starts), HC=humongous(continues), CS=collection set, F=free, TAMS=top-at-mark-start, PB=parsable bottom
|   0|0x0000000080000000, 0x0000000080100000, 0x0000000080100000|100%|HS|  |TAMS 0x0000000080000000| PB 0x0000000080000000| Complete 
|   1|0x0000000080100000, 0x0000000080200000, 0x0000000080200000|100%|HC|  |TAMS 0x0000000080100000| PB 0x0000000080100000| Complete 
|   2|0x0000000080200000, 0x0000000080300000, 0x0000000080300000|100%|HC|  |TAMS 0x0000000080200000| PB 0x0000000080200000| Complete 
|   3|0x0000000080300000, 0x0000000080400000, 0x0000000080400000|100%| O|  |TAMS 0x0000000080300000| PB 0x0000000080300000| Untracked 
|   4|0x0000000080400000, 0x0000000080500000, 0x0000000080500000|100%| O|  |TAMS 0x0000000080400000| PB 0x0000000080400000| Untracked 
|   5|0x0000000080500000, 0x0000000080600000, 0x0000000080600000|100%| O|  |TAMS 0x0000000080500000| PB 0x0000000080500000| Untracked 
|   6|0x0000000080600000, 0x0000000080700000, 0x0000000080700000|100%|HS|  |TAMS 0x0000000080600000| PB 0x0000000080600000| Complete 
|   7|0x0000000080700000, 0x0000000080800000, 0x0000000080800000|100%| O|  |TAMS 0x0000000080700000| PB 0x0000000080700000| Untracked 
|   8|0x0000000080800000, 0x0000000080900000, 0x0000000080900000|100%| O|  |TAMS 0x0000000080800000| PB 0x0000000080800000| Untracked 
|   9|0x0000000080900000, 0x0000000080a00000, 0x0000000080a00000|100%| O|  |TAMS 0x0000000080900000| PB 0x0000000080900000| Untracked 
|  10|0x0000000080a00000, 0x0000000080b00000, 0x0000000080b00000|100%| O|  |TAMS 0x0000000080a00000| PB 0x0000000080a00000| Untracked 
|  11|0x0000000080b00000, 0x0000000080c00000, 0x0000000080c00000|100%| O|  |TAMS 0x0000000080b00000| PB 0x0000000080b00000| Untracked 
|  12|0x0000000080c00000, 0x0000000080d00000, 0x0000000080d00000|100%| O|  |TAMS 0x0000000080c00000| PB 0x0000000080c00000| Untracked 
|  13|0x0000000080d00000, 0x0000000080e00000, 0x0000000080e00000|100%| O|  |TAMS 0x0000000080d00000| PB 0x0000000080d00000| Untracked 
|  14|0x0000000080e00000, 0x0000000080f00000, 0x0000000080f00000|100%| O|  |TAMS 0x0000000080e00000| PB 0x0000000080e00000| Untracked 
|  15|0x0000000080f00000, 0x0000000081000000, 0x0000000081000000|100%| O|  |TAMS 0x0000000080f00000| PB 0x0000000080f00000| Untracked 
|  16|0x0000000081000000, 0x0000000081100000, 0x0000000081100000|100%| O|  |TAMS 0x0000000081000000| PB 0x0000000081000000| Untracked 
|  17|0x0000000081100000, 0x0000000081200000, 0x0000000081200000|100%| O|  |TAMS 0x0000000081100000| PB 0x0000000081100000| Untracked 
|  18|0x0000000081200000, 0x0000000081300000, 0x0000000081300000|100%| O|  |TAMS 0x0000000081200000| PB 0x0000000081200000| Untracked 
|  19|0x0000000081300000, 0x0000000081400000, 0x0000000081400000|100%| O|  |TAMS 0x0000000081300000| PB 0x0000000081300000| Untracked 
|  20|0x0000000081400000, 0x0000000081500000, 0x0000000081500000|100%| O|  |TAMS 0x0000000081400000| PB 0x0000000081400000| Untracked 
|  21|0x0000000081500000, 0x0000000081600000, 0x0000000081600000|100%| O|  |TAMS 0x0000000081500000| PB 0x0000000081500000| Untracked 
|  22|0x0000000081600000, 0x0000000081700000, 0x0000000081700000|100%| O|  |TAMS 0x0000000081600000| PB 0x0000000081600000| Untracked 
|  23|0x0000000081700000, 0x0000000081800000, 0x0000000081800000|100%| O|  |TAMS 0x0000000081700000| PB 0x0000000081700000| Untracked 
|  24|0x0000000081800000, 0x0000000081800000, 0x0000000081900000|  0%| F|  |TAMS 0x0000000081800000| PB 0x0000000081800000| Untracked 
|  25|0x0000000081900000, 0x0000000081a00000, 0x0000000081a00000|100%| O|  |TAMS 0x0000000081900000| PB 0x0000000081900000| Untracked 
|  26|0x0000000081a00000, 0x0000000081b00000, 0x0000000081b00000|100%| O|  |TAMS 0x0000000081a00000| PB 0x0000000081a00000| Untracked 
|  27|0x0000000081b00000, 0x0000000081c00000, 0x0000000081c00000|100%| O|  |TAMS 0x0000000081b00000| PB 0x0000000081b00000| Untracked 
|  28|0x0000000081c00000, 0x0000000081c00000, 0x0000000081d00000|  0%| F|  |TAMS 0x0000000081c00000| PB 0x0000000081c00000| Untracked 
|  29|0x0000000081d00000, 0x0000000081d00000, 0x0000000081e00000|  0%| F|  |TAMS 0x0000000081d00000| PB 0x0000000081d00000| Untracked 
|  30|0x0000000081e00000, 0x0000000081f00000, 0x0000000081f00000|100%| O|  |TAMS 0x0000000081e00000| PB 0x0000000081e00000| Untracked 
|  31|0x0000000081f00000, 0x0000000082000000, 0x0000000082000000|100%| O|  |TAMS 0x0000000081f00000| PB 0x0000000081f00000| Untracked 
|  32|0x0000000082000000, 0x0000000082100000, 0x0000000082100000|100%| O|  |TAMS 0x0000000082000000| PB 0x0000000082000000| Untracked 
|  33|0x0000000082100000, 0x0000000082200000, 0x0000000082200000|100%| O|  |TAMS 0x0000000082100000| PB 0x0000000082100000| Untracked 
|  34|0x0000000082200000, 0x0000000082229de0, 0x0000000082300000| 16%| O|  |TAMS 0x0000000082200000| PB 0x0000000082200000| Untracked 
|  35|0x0000000082300000, 0x0000000082300000, 0x0000000082400000|  0%| F|  |TAMS 0x0000000082300000| PB 0x0000000082300000| Untracked 
|  36|0x0000000082400000, 0x0000000082400000, 0x0000000082500000|  0%| F|  |TAMS 0x0000000082400000| PB 0x0000000082400000| Untracked 
|  37|0x0000000082500000, 0x0000000082500000, 0x0000000082600000|  0%| F|  |TAMS 0x0000000082500000| PB 0x0000000082500000| Untracked 
|  38|0x0000000082600000, 0x0000000082600000, 0x0000000082700000|  0%| F|  |TAMS 0x0000000082600000| PB 0x0000000082600000| Untracked 
|  39|0x0000000082700000, 0x0000000082700000, 0x0000000082800000|  0%| F|  |TAMS 0x0000000082700000| PB 0x0000000082700000| Untracked 
|  40|0x0000000082800000, 0x0000000082800000, 0x0000000082900000|  0%| F|  |TAMS 0x0000000082800000| PB 0x0000000082800000| Untracked 
|  41|0x0000000082900000, 0x0000000082900000, 0x0000000082a00000|  0%| F|  |TAMS 0x0000000082900000| PB 0x0000000082900000| Untracked 
|  42|0x0000000082a00000, 0x0000000082a47cc0, 0x0000000082b00000| 28%| S|CS|TAMS 0x0000000082a00000| PB 0x0000000082a00000| Complete 
|  43|0x0000000082b00000, 0x0000000082c00000, 0x0000000082c00000|100%| S|CS|TAMS 0x0000000082b00000| PB 0x0000000082b00000| Complete 
|  44|0x0000000082c00000, 0x0000000082d00000, 0x0000000082d00000|100%| S|CS|TAMS 0x0000000082c00000| PB 0x0000000082c00000| Complete 
|  45|0x0000000082d00000, 0x0000000082d00000, 0x0000000082e00000|  0%| F|  |TAMS 0x0000000082d00000| PB 0x0000000082d00000| Untracked 
|  46|0x0000000082e00000, 0x0000000082e00000, 0x0000000082f00000|  0%| F|  |TAMS 0x0000000082e00000| PB 0x0000000082e00000| Untracked 
|  47|0x0000000082f00000, 0x0000000082f00000, 0x0000000083000000|  0%| F|  |TAMS 0x0000000082f00000| PB 0x0000000082f00000| Untracked 
|  48|0x0000000083000000, 0x0000000083000000, 0x0000000083100000|  0%| F|  |TAMS 0x0000000083000000| PB 0x0000000083000000| Untracked 
|  49|0x0000000083100000, 0x0000000083100000, 0x0000000083200000|  0%| F|  |TAMS 0x0000000083100000| PB 0x0000000083100000| Untracked 
|  50|0x0000000083200000, 0x0000000083200000, 0x0000000083300000|  0%| F|  |TAMS 0x0000000083200000| PB 0x0000000083200000| Untracked 
|  51|0x0000000083300000, 0x0000000083300000, 0x0000000083400000|  0%| F|  |TAMS 0x0000000083300000| PB 0x0000000083300000| Untracked 
|  52|0x0000000083400000, 0x0000000083400000, 0x0000000083500000|  0%| F|  |TAMS 0x0000000083400000| PB 0x0000000083400000| Untracked 
|  53|0x0000000083500000, 0x0000000083500000, 0x0000000083600000|  0%| F|  |TAMS 0x0000000083500000| PB 0x0000000083500000| Untracked 
|  54|0x0000000083600000, 0x0000000083600000, 0x0000000083700000|  0%| F|  |TAMS 0x0000000083600000| PB 0x0000000083600000| Untracked 
|  55|0x0000000083700000, 0x0000000083700000, 0x0000000083800000|  0%| F|  |TAMS 0x0000000083700000| PB 0x0000000083700000| Untracked 
|  56|0x0000000083800000, 0x0000000083800000, 0x0000000083900000|  0%| F|  |TAMS 0x0000000083800000| PB 0x0000000083800000| Untracked 
|  57|0x0000000083900000, 0x0000000083900000, 0x0000000083a00000|  0%| F|  |TAMS 0x0000000083900000| PB 0x0000000083900000| Untracked 
|  58|0x0000000083a00000, 0x0000000083a00000, 0x0000000083b00000|  0%| F|  |TAMS 0x0000000083a00000| PB 0x0000000083a00000| Untracked 
|  59|0x0000000083b00000, 0x0000000083b00000, 0x0000000083c00000|  0%| F|  |TAMS 0x0000000083b00000| PB 0x0000000083b00000| Untracked 
|  60|0x0000000083c00000, 0x0000000083c00000, 0x0000000083d00000|  0%| F|  |TAMS 0x0000000083c00000| PB 0x0000000083c00000| Untracked 
|  61|0x0000000083d00000, 0x0000000083d00000, 0x0000000083e00000|  0%| F|  |TAMS 0x0000000083d00000| PB 0x0000000083d00000| Untracked 
|  62|0x0000000083e00000, 0x0000000083e00000, 0x0000000083f00000|  0%| F|  |TAMS 0x0000000083e00000| PB 0x0000000083e00000| Untracked 
|  63|0x0000000083f00000, 0x0000000083f00000, 0x0000000084000000|  0%| F|  |TAMS 0x0000000083f00000| PB 0x0000000083f00000| Untracked 
|  64|0x0000000084000000, 0x0000000084000000, 0x0000000084100000|  0%| F|  |TAMS 0x0000000084000000| PB 0x0000000084000000| Untracked 
|  65|0x0000000084100000, 0x0000000084100000, 0x0000000084200000|  0%| F|  |TAMS 0x0000000084100000| PB 0x0000000084100000| Untracked 
|  66|0x0000000084200000, 0x0000000084200000, 0x0000000084300000|  0%| F|  |TAMS 0x0000000084200000| PB 0x0000000084200000| Untracked 
|  67|0x0000000084300000, 0x0000000084300000, 0x0000000084400000|  0%| F|  |TAMS 0x0000000084300000| PB 0x0000000084300000| Untracked 
|  68|0x0000000084400000, 0x0000000084400000, 0x0000000084500000|  0%| F|  |TAMS 0x0000000084400000| PB 0x0000000084400000| Untracked 
|  69|0x0000000084500000, 0x0000000084500000, 0x0000000084600000|  0%| F|  |TAMS 0x0000000084500000| PB 0x0000000084500000| Untracked 
|  70|0x0000000084600000, 0x0000000084600000, 0x0000000084700000|  0%| F|  |TAMS 0x0000000084600000| PB 0x0000000084600000| Untracked 
|  71|0x0000000084700000, 0x0000000084700000, 0x0000000084800000|  0%| F|  |TAMS 0x0000000084700000| PB 0x0000000084700000| Untracked 
|  72|0x0000000084800000, 0x0000000084800000, 0x0000000084900000|  0%| F|  |TAMS 0x0000000084800000| PB 0x0000000084800000| Untracked 
|  73|0x0000000084900000, 0x0000000084900000, 0x0000000084a00000|  0%| F|  |TAMS 0x0000000084900000| PB 0x0000000084900000| Untracked 
|  74|0x0000000084a00000, 0x0000000084a00000, 0x0000000084b00000|  0%| F|  |TAMS 0x0000000084a00000| PB 0x0000000084a00000| Untracked 
|  75|0x0000000084b00000, 0x0000000084b00000, 0x0000000084c00000|  0%| F|  |TAMS 0x0000000084b00000| PB 0x0000000084b00000| Untracked 
|  76|0x0000000084c00000, 0x0000000084c00000, 0x0000000084d00000|  0%| F|  |TAMS 0x0000000084c00000| PB 0x0000000084c00000| Untracked 
|  77|0x0000000084d00000, 0x0000000084d00000, 0x0000000084e00000|  0%| F|  |TAMS 0x0000000084d00000| PB 0x0000000084d00000| Untracked 
|  78|0x0000000084e00000, 0x0000000084e00000, 0x0000000084f00000|  0%| F|  |TAMS 0x0000000084e00000| PB 0x0000000084e00000| Untracked 
|  79|0x0000000084f00000, 0x0000000084f00000, 0x0000000085000000|  0%| F|  |TAMS 0x0000000084f00000| PB 0x0000000084f00000| Untracked 
|  80|0x0000000085000000, 0x0000000085000000, 0x0000000085100000|  0%| F|  |TAMS 0x0000000085000000| PB 0x0000000085000000| Untracked 
|  81|0x0000000085100000, 0x0000000085100000, 0x0000000085200000|  0%| F|  |TAMS 0x0000000085100000| PB 0x0000000085100000| Untracked 
|  82|0x0000000085200000, 0x0000000085200000, 0x0000000085300000|  0%| F|  |TAMS 0x0000000085200000| PB 0x0000000085200000| Untracked 
|  83|0x0000000085300000, 0x0000000085305c98, 0x0000000085400000|  2%| E|  |TAMS 0x0000000085300000| PB 0x0000000085300000| Complete 
|  84|0x0000000085400000, 0x0000000085500000, 0x0000000085500000|100%| E|CS|TAMS 0x0000000085400000| PB 0x0000000085400000| Complete 
| 103|0x0000000086700000, 0x0000000086800000, 0x0000000086800000|100%| E|CS|TAMS 0x0000000086700000| PB 0x0000000086700000| Complete 
| 104|0x0000000086800000, 0x0000000086900000, 0x0000000086900000|100%| E|CS|TAMS 0x0000000086800000| PB 0x0000000086800000| Complete 
|2047|0x00000000fff00000, 0x0000000100000000, 0x0000000100000000|100%| O|  |TAMS 0x00000000fff00000| PB 0x00000000fff00000| Untracked 

Card table byte_map: [0x0000028647e90000,0x0000028648290000] _byte_map_base: 0x0000028647a90000

Marking Bits: (CMBitMap*) 0x000002863374e5e0
 Bits: [0x0000028648290000, 0x000002864a290000)

Polling page: 0x0000028635100000

Metaspace:

Usage:
  Non-class:     42.90 MB used.
      Class:      6.57 MB used.
       Both:     49.47 MB used.

Virtual space:
  Non-class space:       64.00 MB reserved,      43.62 MB ( 68%) committed,  1 nodes.
      Class space:        1.00 GB reserved,       7.25 MB ( <1%) committed,  1 nodes.
             Both:        1.06 GB reserved,      50.88 MB (  5%) committed. 

Chunk freelists:
   Non-Class:  4.28 MB
       Class:  8.61 MB
        Both:  12.89 MB

MaxMetaspaceSize: unlimited
CompressedClassSpaceSize: 1.00 GB
Initial GC threshold: 21.00 MB
Current GC threshold: 59.00 MB
CDS: off
 - commit_granule_bytes: 65536.
 - commit_granule_words: 8192.
 - virtual_space_node_default_size: 8388608.
 - enlarge_chunks_in_place: 1.
 - use_allocation_guard: 0.


Internal statistics:

num_allocs_failed_limit: 6.
num_arena_births: 2542.
num_arena_deaths: 0.
num_vsnodes_births: 2.
num_vsnodes_deaths: 0.
num_space_committed: 814.
num_space_uncommitted: 0.
num_chunks_returned_to_freelist: 6.
num_chunks_taken_from_freelist: 4490.
num_chunk_merges: 6.
num_chunk_splits: 2897.
num_chunks_enlarged: 1754.
num_inconsistent_stats: 0.

CodeHeap 'non-profiled nmethods': size=120000Kb used=2341Kb max_used=2341Kb free=117658Kb
 bounds [0x0000028640560000, 0x00000286407d0000, 0x0000028647a90000]
CodeHeap 'profiled nmethods': size=120000Kb used=8029Kb max_used=8029Kb free=111970Kb
 bounds [0x0000028638a90000, 0x0000028639270000, 0x000002863ffc0000]
CodeHeap 'non-nmethods': size=5760Kb used=1910Kb max_used=1956Kb free=3849Kb
 bounds [0x000002863ffc0000, 0x0000028640230000, 0x0000028640560000]
 total_blobs=4814 nmethods=4113 adapters=606
 compilation: enabled
              stopped_count=0, restarted_count=0
 full_count=0

Compilation events (20 events):
Event: 41.498 Thread 0x000002864c93d550 4523       3       org.gradle.internal.instantiation.generator.AbstractClassGenerator$BooleanPropertyDeprecatingValidator::validateProperty (137 bytes)
Event: 41.502 Thread 0x000002864c93d550 nmethod 4523 0x000002863925a910 code [0x000002863925ae00, 0x000002863925d670]
Event: 41.502 Thread 0x000002864c93d550 4524       3       java.util.LinkedHashMap$LinkedValues::size (8 bytes)
Event: 41.502 Thread 0x000002864c93d550 nmethod 4524 0x000002863925e310 code [0x000002863925e4a0, 0x000002863925e5b8]
Event: 41.502 Thread 0x000002864c93d550 4525       3       org.gradle.internal.instantiation.generator.AbstractClassGenerator$LazyGroovySupportTypePropertyHandler::visitProperty (43 bytes)
Event: 41.504 Thread 0x000002864c93d550 nmethod 4525 0x000002863925e690 code [0x000002863925e940, 0x000002863925f700]
Event: 41.504 Thread 0x000002864c93d550 4526       1       com.google.common.collect.LinkedHashMultimap$ValueSet::access$000 (5 bytes)
Event: 41.504 Thread 0x000002864c93d550 nmethod 4526 0x00000286407a6c10 code [0x00000286407a6da0, 0x00000286407a6e50]
Event: 41.505 Thread 0x000002864c93d550 4527       3       sun.reflect.generics.parser.SignatureParser::parseTypeArguments (109 bytes)
Event: 41.506 Thread 0x000002864c93d550 nmethod 4527 0x000002863925fb90 code [0x000002863925fe60, 0x0000028639260b30]
Event: 41.507 Thread 0x000002864c93d550 4529       3       sun.reflect.generics.reflectiveObjects.ParameterizedTypeImpl::<init> (35 bytes)
Event: 41.507 Thread 0x000002864c93d550 nmethod 4529 0x0000028639261010 code [0x00000286392611e0, 0x0000028639261520]
Event: 41.507 Thread 0x000002864c93d550 4528       1       sun.reflect.generics.scope.AbstractScope::getRecvr (5 bytes)
Event: 41.507 Thread 0x000002864c93d550 nmethod 4528 0x00000286407a6f10 code [0x00000286407a70a0, 0x00000286407a7168]
Event: 41.539 Thread 0x000002864c93d550 4534       3       org.gradle.internal.instantiation.generator.AbstractClassGenerator$PropertyMetadata::<init> (65 bytes)
Event: 41.540 Thread 0x000002864c93d550 nmethod 4534 0x0000028639261690 code [0x0000028639261920, 0x00000286392627c0]
Event: 41.540 Thread 0x000002864c93d550 4535       3       sun.reflect.generics.reflectiveObjects.ParameterizedTypeImpl::make (11 bytes)
Event: 41.540 Thread 0x000002864c93d550 nmethod 4535 0x0000028639262b90 code [0x0000028639262d60, 0x0000028639263138]
Event: 41.541 Thread 0x000002864c93d550 4536       3       org.gradle.model.internal.asm.MethodVisitorScope::_DUP (7 bytes)
Event: 41.542 Thread 0x000002864c93d550 nmethod 4536 0x0000028639263290 code [0x0000028639263440, 0x00000286392636a8]

GC Heap History (20 events):
Event: 2.772 GC heap before
{Heap before GC invocations=0 (full 0):
 garbage-first heap   total 131072K, used 13312K [0x0000000080000000, 0x0000000100000000)
  region size 1024K, 13 young (13312K), 0 survivors (0K)
 Metaspace       used 7356K, committed 7424K, reserved 1114112K
  class space    used 665K, committed 704K, reserved 1048576K
}
Event: 3.235 GC heap after
{Heap after GC invocations=1 (full 0):
 garbage-first heap   total 131072K, used 1194K [0x0000000080000000, 0x0000000100000000)
  region size 1024K, 2 young (2048K), 2 survivors (2048K)
 Metaspace       used 7356K, committed 7424K, reserved 1114112K
  class space    used 665K, committed 704K, reserved 1048576K
}
Event: 7.531 GC heap before
{Heap before GC invocations=1 (full 0):
 garbage-first heap   total 131072K, used 28842K [0x0000000080000000, 0x0000000100000000)
  region size 1024K, 27 young (27648K), 2 survivors (2048K)
 Metaspace       used 10860K, committed 11072K, reserved 1114112K
  class space    used 1112K, committed 1216K, reserved 1048576K
}
Event: 7.550 GC heap after
{Heap after GC invocations=2 (full 0):
 garbage-first heap   total 131072K, used 10188K [0x0000000080000000, 0x0000000100000000)
  region size 1024K, 4 young (4096K), 4 survivors (4096K)
 Metaspace       used 10860K, committed 11072K, reserved 1114112K
  class space    used 1112K, committed 1216K, reserved 1048576K
}
Event: 11.938 GC heap before
{Heap before GC invocations=2 (full 0):
 garbage-first heap   total 131072K, used 84940K [0x0000000080000000, 0x0000000100000000)
  region size 1024K, 76 young (77824K), 4 survivors (4096K)
 Metaspace       used 12916K, committed 13120K, reserved 1114112K
  class space    used 1396K, committed 1472K, reserved 1048576K
}
Event: 11.995 GC heap after
{Heap after GC invocations=3 (full 0):
 garbage-first heap   total 131072K, used 16332K [0x0000000080000000, 0x0000000100000000)
  region size 1024K, 9 young (9216K), 9 survivors (9216K)
 Metaspace       used 12916K, committed 13120K, reserved 1114112K
  class space    used 1396K, committed 1472K, reserved 1048576K
}
Event: 19.118 GC heap before
{Heap before GC invocations=3 (full 0):
 garbage-first heap   total 131072K, used 43980K [0x0000000080000000, 0x0000000100000000)
  region size 1024K, 37 young (37888K), 9 survivors (9216K)
 Metaspace       used 21161K, committed 21504K, reserved 1114112K
  class space    used 2440K, committed 2624K, reserved 1048576K
}
Event: 19.155 GC heap after
{Heap after GC invocations=4 (full 0):
 garbage-first heap   total 131072K, used 20582K [0x0000000080000000, 0x0000000100000000)
  region size 1024K, 9 young (9216K), 9 survivors (9216K)
 Metaspace       used 21161K, committed 21504K, reserved 1114112K
  class space    used 2440K, committed 2624K, reserved 1048576K
}
Event: 21.883 GC heap before
{Heap before GC invocations=5 (full 0):
 garbage-first heap   total 71680K, used 53350K [0x0000000080000000, 0x0000000100000000)
  region size 1024K, 42 young (43008K), 9 survivors (9216K)
 Metaspace       used 26791K, committed 27328K, reserved 1114112K
  class space    used 3279K, committed 3520K, reserved 1048576K
}
Event: 21.941 GC heap after
{Heap after GC invocations=6 (full 0):
 garbage-first heap   total 71680K, used 22850K [0x0000000080000000, 0x0000000100000000)
  region size 1024K, 3 young (3072K), 3 survivors (3072K)
 Metaspace       used 26791K, committed 27328K, reserved 1114112K
  class space    used 3279K, committed 3520K, reserved 1048576K
}
Event: 34.820 GC heap before
{Heap before GC invocations=6 (full 0):
 garbage-first heap   total 71680K, used 57666K [0x0000000080000000, 0x0000000100000000)
  region size 1024K, 38 young (38912K), 3 survivors (3072K)
 Metaspace       used 31625K, committed 32320K, reserved 1114112K
  class space    used 4092K, committed 4416K, reserved 1048576K
}
Event: 34.837 GC heap after
{Heap after GC invocations=7 (full 0):
 garbage-first heap   total 107520K, used 24576K [0x0000000080000000, 0x0000000100000000)
  region size 1024K, 4 young (4096K), 4 survivors (4096K)
 Metaspace       used 31625K, committed 32320K, reserved 1114112K
  class space    used 4092K, committed 4416K, reserved 1048576K
}
Event: 37.366 GC heap before
{Heap before GC invocations=7 (full 0):
 garbage-first heap   total 107520K, used 49152K [0x0000000080000000, 0x0000000100000000)
  region size 1024K, 29 young (29696K), 4 survivors (4096K)
 Metaspace       used 35147K, committed 35968K, reserved 1114112K
  class space    used 4668K, committed 5056K, reserved 1048576K
}
Event: 37.381 GC heap after
{Heap after GC invocations=8 (full 0):
 garbage-first heap   total 107520K, used 26136K [0x0000000080000000, 0x0000000100000000)
  region size 1024K, 6 young (6144K), 6 survivors (6144K)
 Metaspace       used 35147K, committed 35968K, reserved 1114112K
  class space    used 4668K, committed 5056K, reserved 1048576K
}
Event: 39.165 GC heap before
{Heap before GC invocations=9 (full 0):
 garbage-first heap   total 89088K, used 73240K [0x0000000080000000, 0x0000000100000000)
  region size 1024K, 52 young (53248K), 6 survivors (6144K)
 Metaspace       used 41196K, committed 42432K, reserved 1114112K
  class space    used 5630K, committed 6272K, reserved 1048576K
}
Event: 39.186 GC heap after
{Heap after GC invocations=10 (full 0):
 garbage-first heap   total 89088K, used 28625K [0x0000000080000000, 0x0000000100000000)
  region size 1024K, 5 young (5120K), 5 survivors (5120K)
 Metaspace       used 41196K, committed 42432K, reserved 1114112K
  class space    used 5630K, committed 6272K, reserved 1048576K
}
Event: 40.639 GC heap before
{Heap before GC invocations=10 (full 0):
 garbage-first heap   total 89088K, used 77777K [0x0000000080000000, 0x0000000100000000)
  region size 1024K, 52 young (53248K), 5 survivors (5120K)
 Metaspace       used 48034K, committed 49344K, reserved 1114112K
  class space    used 6310K, committed 6976K, reserved 1048576K
}
Event: 40.654 GC heap after
{Heap after GC invocations=11 (full 0):
 garbage-first heap   total 90112K, used 34264K [0x0000000080000000, 0x0000000100000000)
  region size 1024K, 7 young (7168K), 7 survivors (7168K)
 Metaspace       used 48034K, committed 49344K, reserved 1114112K
  class space    used 6310K, committed 6976K, reserved 1048576K
}
Event: 41.523 GC heap before
{Heap before GC invocations=11 (full 0):
 garbage-first heap   total 90112K, used 77272K [0x0000000080000000, 0x0000000100000000)
  region size 1024K, 49 young (50176K), 7 survivors (7168K)
 Metaspace       used 50265K, committed 51648K, reserved 1114112K
  class space    used 6659K, committed 7360K, reserved 1048576K
}
Event: 41.538 GC heap after
{Heap after GC invocations=12 (full 0):
 garbage-first heap   total 90112K, used 35270K [0x0000000080000000, 0x0000000100000000)
  region size 1024K, 3 young (3072K), 3 survivors (3072K)
 Metaspace       used 50265K, committed 51648K, reserved 1114112K
  class space    used 6659K, committed 7360K, reserved 1048576K
}

Dll operation events (3 events):
Event: 0.030 Loaded shared library C:\Program Files\Android\Android Studio\jbr\bin\java.dll
Event: 0.054 Loaded shared library C:\Program Files\Android\Android Studio\jbr\bin\zip.dll
Event: 6.485 Loaded shared library C:\Program Files\Android\Android Studio\jbr\bin\verify.dll

Deoptimization events (20 events):
Event: 41.275 Thread 0x00000286514619d0 Uncommon trap: trap_request=0xffffffc6 fr.pc=0x00000286406b11e0 relative=0x0000000000004a60
Event: 41.275 Thread 0x00000286514619d0 Uncommon trap: reason=bimorphic_or_optimized_type_check action=maybe_recompile pc=0x00000286406b11e0 method=java.lang.ClassLoader.loadClass(Ljava/lang/String;Z)Ljava/lang/Class; @ 38 c2
Event: 41.275 Thread 0x00000286514619d0 DEOPT PACKING pc=0x00000286406b11e0 sp=0x000000eab80f87f0
Event: 41.275 Thread 0x00000286514619d0 DEOPT UNPACKING pc=0x000002864001469c sp=0x000000eab80f8828 mode 2
Event: 41.276 Thread 0x00000286514619d0 Uncommon trap: trap_request=0xffffff45 fr.pc=0x000002864059b640 relative=0x0000000000001060
Event: 41.276 Thread 0x00000286514619d0 Uncommon trap: reason=unstable_if action=reinterpret pc=0x000002864059b640 method=java.lang.Class.getPackageName()Ljava/lang/String; @ 55 c2
Event: 41.276 Thread 0x00000286514619d0 DEOPT PACKING pc=0x000002864059b640 sp=0x000000eab80f9df0
Event: 41.276 Thread 0x00000286514619d0 DEOPT UNPACKING pc=0x000002864001469c sp=0x000000eab80f9d60 mode 2
Event: 41.363 Thread 0x00000286514619d0 Uncommon trap: trap_request=0xffffff45 fr.pc=0x0000028640592fbc relative=0x0000000000000adc
Event: 41.363 Thread 0x00000286514619d0 Uncommon trap: reason=unstable_if action=reinterpret pc=0x0000028640592fbc method=org.objectweb.asm.Frame.push(I)V @ 26 c2
Event: 41.363 Thread 0x00000286514619d0 DEOPT PACKING pc=0x0000028640592fbc sp=0x000000eab80f8b90
Event: 41.363 Thread 0x00000286514619d0 DEOPT UNPACKING pc=0x000002864001469c sp=0x000000eab80f8a98 mode 2
Event: 41.436 Thread 0x00000286514619d0 Uncommon trap: trap_request=0xffffff45 fr.pc=0x000002864072762c relative=0x00000000000003ec
Event: 41.436 Thread 0x00000286514619d0 Uncommon trap: reason=unstable_if action=reinterpret pc=0x000002864072762c method=java.lang.invoke.InvokerBytecodeGenerator.storeInsnOpcode(Ljava/lang/invoke/LambdaForm$BasicType;)I @ 8 c2
Event: 41.436 Thread 0x00000286514619d0 DEOPT PACKING pc=0x000002864072762c sp=0x000000eab80f74c0
Event: 41.439 Thread 0x00000286514619d0 DEOPT UNPACKING pc=0x000002864001469c sp=0x000000eab80f73f8 mode 2
Event: 41.439 Thread 0x00000286514619d0 Uncommon trap: trap_request=0xffffff3d fr.pc=0x00000286405ac4f4 relative=0x0000000000000c74
Event: 41.439 Thread 0x00000286514619d0 Uncommon trap: reason=unstable_fused_if action=reinterpret pc=0x00000286405ac4f4 method=org.objectweb.asm.ByteVector.putUTF8(Ljava/lang/String;)Lorg/objectweb/asm/ByteVector; @ 93 c2
Event: 41.439 Thread 0x00000286514619d0 DEOPT PACKING pc=0x00000286405ac4f4 sp=0x000000eab80f7e80
Event: 41.440 Thread 0x00000286514619d0 DEOPT UNPACKING pc=0x000002864001469c sp=0x000000eab80f7dd8 mode 2

Classes loaded (20 events):
Event: 40.344 Loading class java/util/WeakHashMap$HashIterator done
Event: 40.344 Loading class java/util/WeakHashMap$KeyIterator done
Event: 40.407 Loading class sun/nio/fs/WindowsPath$1
Event: 40.407 Loading class sun/nio/fs/WindowsPath$1 done
Event: 40.408 Loading class sun/nio/fs/WindowsException
Event: 40.408 Loading class sun/nio/fs/WindowsException done
Event: 40.471 Loading class java/util/Collections$SynchronizedRandomAccessList
Event: 40.471 Loading class java/util/Collections$SynchronizedList
Event: 40.471 Loading class java/util/Collections$SynchronizedList done
Event: 40.471 Loading class java/util/Collections$SynchronizedRandomAccessList done
Event: 40.497 Loading class java/security/CodeSigner
Event: 40.498 Loading class java/security/CodeSigner done
Event: 41.026 Loading class java/nio/charset/CharacterCodingException
Event: 41.026 Loading class java/nio/charset/CharacterCodingException done
Event: 41.239 Loading class java/util/stream/Streams$RangeIntSpliterator
Event: 41.239 Loading class java/util/stream/Streams$RangeIntSpliterator done
Event: 41.272 Loading class jdk/internal/loader/URLClassPath$FileLoader
Event: 41.272 Loading class jdk/internal/loader/URLClassPath$FileLoader done
Event: 41.274 Loading class jdk/internal/loader/URLClassPath$FileLoader$1
Event: 41.274 Loading class jdk/internal/loader/URLClassPath$FileLoader$1 done

Classes unloaded (0 events):
No events

Classes redefined (0 events):
No events

Internal exceptions (20 events):
Event: 40.410 Thread 0x00000286514619d0 Exception <a 'sun/nio/fs/WindowsException'{0x0000000082ec5c68}> (0x0000000082ec5c68) 
thrown [s\src\hotspot\share\prims\jni.cpp, line 535]
Event: 40.410 Thread 0x00000286514619d0 Exception <a 'sun/nio/fs/WindowsException'{0x0000000082ec6d60}> (0x0000000082ec6d60) 
thrown [s\src\hotspot\share\prims\jni.cpp, line 535]
Event: 40.442 Thread 0x00000286514619d0 Exception <a 'java/lang/NoSuchMethodError'{0x0000000082dc7a90}: 'java.lang.Object java.lang.invoke.Invokers$Holder.invoker(java.lang.Object, java.lang.Object, java.lang.Object, java.lang.Object, java.lang.Object, java.lang.Object)'> (0x0000000082dc7a90) 
thrown [s\src\hotspot\share\interpreter\linkResolver.cpp, line 784]
Event: 40.501 Thread 0x00000286514619d0 Exception <a 'java/lang/NoSuchMethodError'{0x0000000082cea4d0}: 'java.lang.Object java.lang.invoke.DirectMethodHandle$Holder.invokeSpecial(java.lang.Object, java.lang.Object, java.lang.Object, java.lang.Object, java.lang.Object, java.lang.Object, java.lang.Object, java.lang.Object, java.lang.Object, java.lang.Object, java.lang.Object, java.lang.Object, java.lang.Object, java.lang.Object, java.lang.Object, java.lang.Object, java.lang.Object, java.lang.Object, java.lang.Object, java.lang.Object, java.lang.Ob
Event: 40.502 Thread 0x00000286514619d0 Exception <a 'java/lang/NoSuchMethodError'{0x0000000082cf05a8}: 'java.lang.Object java.lang.invoke.DelegatingMethodHandle$Holder.reinvoke_L(java.lang.Object, java.lang.Object, java.lang.Object, java.lang.Object, java.lang.Object, java.lang.Object, java.lang.Object, java.lang.Object, java.lang.Object, java.lang.Object, java.lang.Object, java.lang.Object, java.lang.Object, java.lang.Object, java.lang.Object, java.lang.Object, java.lang.Object, java.lang.Object, java.lang.Object, java.lang.Object, java.lang.O
Event: 40.503 Thread 0x00000286514619d0 Exception <a 'java/lang/NoSuchMethodError'{0x0000000082cfb790}: 'java.lang.Object java.lang.invoke.Invokers$Holder.invoker(java.lang.Object, java.lang.Object, java.lang.Object, java.lang.Object, java.lang.Object, java.lang.Object, java.lang.Object, java.lang.Object, java.lang.Object, java.lang.Object, java.lang.Object, java.lang.Object, java.lang.Object, java.lang.Object, java.lang.Object, java.lang.Object, java.lang.Object, java.lang.Object, java.lang.Object, java.lang.Object, java.lang.Object, java.lang.
Event: 40.503 Thread 0x00000286514619d0 Exception <a 'java/lang/NoSuchMethodError'{0x0000000082b02358}: 'java.lang.Object java.lang.invoke.DelegatingMethodHandle$Holder.delegate(java.lang.Object, java.lang.Object, java.lang.Object, java.lang.Object, java.lang.Object, java.lang.Object, java.lang.Object, java.lang.Object, java.lang.Object, java.lang.Object, java.lang.Object, java.lang.Object, java.lang.Object, java.lang.Object, java.lang.Object, java.lang.Object, java.lang.Object, java.lang.Object, java.lang.Object, java.lang.Object, java.lang.Obj
Event: 40.924 Thread 0x00000286514619d0 Exception <a 'java/lang/IncompatibleClassChangeError'{0x00000000839cfb90}: Found class java.lang.Object, but interface was expected> (0x00000000839cfb90) 
thrown [s\src\hotspot\share\interpreter\linkResolver.cpp, line 851]
Event: 40.956 Thread 0x00000286514619d0 Exception <a 'java/lang/NoSuchMethodError'{0x000000008387f0c0}: 'java.lang.Object java.lang.invoke.DirectMethodHandle$Holder.newInvokeSpecial(java.lang.Object, java.lang.Object, long)'> (0x000000008387f0c0) 
thrown [s\src\hotspot\share\interpreter\linkResolver.cpp, line 784]
Event: 40.957 Thread 0x00000286514619d0 Exception <a 'java/lang/NoSuchMethodError'{0x0000000083883a10}: 'java.lang.Object java.lang.invoke.Invokers$Holder.linkToTargetMethod(java.lang.Object, long, java.lang.Object)'> (0x0000000083883a10) 
thrown [s\src\hotspot\share\interpreter\linkResolver.cpp, line 784]
Event: 40.997 Thread 0x000002865289e310 Implicit null exception at 0x00000286405a71b4 to 0x00000286405a833c
Event: 41.048 Thread 0x00000286514619d0 Exception <a 'java/lang/NoSuchMethodError'{0x0000000083649508}: 'int java.lang.invoke.DirectMethodHandle$Holder.invokeInterface(java.lang.Object, java.lang.Object)'> (0x0000000083649508) 
thrown [s\src\hotspot\share\interpreter\linkResolver.cpp, line 784]
Event: 41.234 Thread 0x00000286514619d0 Exception <a 'java/lang/NoSuchMethodError'{0x000000008336ea28}: 'java.lang.Object java.lang.invoke.DirectMethodHandle$Holder.invokeVirtual(java.lang.Object, java.lang.Object, int)'> (0x000000008336ea28) 
thrown [s\src\hotspot\share\interpreter\linkResolver.cpp, line 784]
Event: 41.268 Thread 0x00000286514619d0 Exception <a 'java/lang/NoSuchMethodError'{0x00000000832c4fb8}: 'void java.lang.invoke.DirectMethodHandle$Holder.invokeInterface(java.lang.Object, java.lang.Object, java.lang.Object, java.lang.Object, java.lang.Object, java.lang.Object, java.lang.Object)'> (0x00000000832c4fb8) 
thrown [s\src\hotspot\share\interpreter\linkResolver.cpp, line 784]
Event: 41.268 Thread 0x00000286514619d0 Exception <a 'java/lang/NoSuchMethodError'{0x00000000832c98d0}: 'void java.lang.invoke.DelegatingMethodHandle$Holder.reinvoke_L(java.lang.Object, java.lang.Object, java.lang.Object, java.lang.Object, java.lang.Object, java.lang.Object, java.lang.Object)'> (0x00000000832c98d0) 
thrown [s\src\hotspot\share\interpreter\linkResolver.cpp, line 784]
Event: 41.331 Thread 0x00000286514619d0 Exception <a 'java/lang/NoSuchMethodError'{0x00000000831cd890}: 'java.lang.Object java.lang.invoke.DirectMethodHandle$Holder.invokeVirtual(java.lang.Object, java.lang.Object, java.lang.Object, java.lang.Object, java.lang.Object, java.lang.Object, java.lang.Object, java.lang.Object, java.lang.Object, java.lang.Object, java.lang.Object, java.lang.Object, java.lang.Object, java.lang.Object, java.lang.Object)'> (0x00000000831cd890) 
thrown [s\src\hotspot\share\interpreter\linkResolver.cpp, line 784]
Event: 41.365 Thread 0x00000286514619d0 Exception <a 'java/lang/NoSuchMethodError'{0x000000008309efe0}: 'java.lang.Object java.lang.invoke.DirectMethodHandle$Holder.newInvokeSpecial(java.lang.Object, java.lang.Object, java.lang.Object, java.lang.Object, java.lang.Object, java.lang.Object, java.lang.Object, java.lang.Object, java.lang.Object, java.lang.Object, java.lang.Object, java.lang.Object, java.lang.Object)'> (0x000000008309efe0) 
thrown [s\src\hotspot\share\interpreter\linkResolver.cpp, line 784]
Event: 41.517 Thread 0x00000286514619d0 Exception <a 'java/lang/NoSuchMethodError'{0x0000000082de11e8}: 'java.lang.Object java.lang.invoke.DirectMethodHandle$Holder.newInvokeSpecial(java.lang.Object, java.lang.Object, java.lang.Object, java.lang.Object, int)'> (0x0000000082de11e8) 
thrown [s\src\hotspot\share\interpreter\linkResolver.cpp, line 784]
Event: 41.518 Thread 0x00000286514619d0 Exception <a 'java/lang/NoSuchMethodError'{0x0000000082de6250}: 'java.lang.Object java.lang.invoke.DirectMethodHandle$Holder.invokeSpecial(java.lang.Object, java.lang.Object, java.lang.Object, java.lang.Object, java.lang.Object, int)'> (0x0000000082de6250) 
thrown [s\src\hotspot\share\interpreter\linkResolver.cpp, line 784]
Event: 41.518 Thread 0x00000286514619d0 Exception <a 'java/lang/NoSuchMethodError'{0x0000000082deaa40}: 'java.lang.Object java.lang.invoke.Invokers$Holder.linkToTargetMethod(java.lang.Object, java.lang.Object, java.lang.Object, int, java.lang.Object)'> (0x0000000082deaa40) 
thrown [s\src\hotspot\share\interpreter\linkResolver.cpp, line 784]

ZGC Phase Switch (0 events):
No events

VM Operations (20 events):
Event: 39.996 Executing VM operation: HandshakeAllThreads (Deoptimize)
Event: 39.996 Executing VM operation: HandshakeAllThreads (Deoptimize) done
Event: 39.997 Executing VM operation: HandshakeAllThreads (Deoptimize)
Event: 39.998 Executing VM operation: HandshakeAllThreads (Deoptimize) done
Event: 40.006 Executing VM operation: HandshakeAllThreads (Deoptimize)
Event: 40.006 Executing VM operation: HandshakeAllThreads (Deoptimize) done
Event: 40.179 Executing VM operation: HandshakeAllThreads (Deoptimize)
Event: 40.179 Executing VM operation: HandshakeAllThreads (Deoptimize) done
Event: 40.234 Executing VM operation: ICBufferFull
Event: 40.235 Executing VM operation: ICBufferFull done
Event: 40.639 Executing VM operation: G1CollectForAllocation (G1 Evacuation Pause)
Event: 40.654 Executing VM operation: G1CollectForAllocation (G1 Evacuation Pause) done
Event: 40.929 Executing VM operation: HandshakeAllThreads (Deoptimize)
Event: 40.929 Executing VM operation: HandshakeAllThreads (Deoptimize) done
Event: 40.994 Executing VM operation: HandshakeAllThreads (Deoptimize)
Event: 40.995 Executing VM operation: HandshakeAllThreads (Deoptimize) done
Event: 41.492 Executing VM operation: HandshakeAllThreads (Deoptimize)
Event: 41.492 Executing VM operation: HandshakeAllThreads (Deoptimize) done
Event: 41.523 Executing VM operation: G1CollectForAllocation (G1 Evacuation Pause)
Event: 41.538 Executing VM operation: G1CollectForAllocation (G1 Evacuation Pause) done

Memory protections (0 events):
No events

Nmethod flushes (20 events):
Event: 37.434 Thread 0x000002864c7be8f0 flushing  nmethod 0x0000028638c8c010
Event: 37.434 Thread 0x000002864c7be8f0 flushing  nmethod 0x0000028638c8cc90
Event: 37.434 Thread 0x000002864c7be8f0 flushing  nmethod 0x0000028638c8fb10
Event: 37.434 Thread 0x000002864c7be8f0 flushing  nmethod 0x0000028638c90b90
Event: 37.434 Thread 0x000002864c7be8f0 flushing  nmethod 0x0000028638cce090
Event: 37.434 Thread 0x000002864c7be8f0 flushing  nmethod 0x0000028638ccf910
Event: 37.434 Thread 0x000002864c7be8f0 flushing  nmethod 0x0000028638cd2610
Event: 37.434 Thread 0x000002864c7be8f0 flushing  nmethod 0x0000028638d44210
Event: 37.434 Thread 0x000002864c7be8f0 flushing  nmethod 0x0000028638d94d10
Event: 37.434 Thread 0x000002864c7be8f0 flushing  nmethod 0x0000028638dd3490
Event: 37.434 Thread 0x000002864c7be8f0 flushing  nmethod 0x0000028638df7690
Event: 37.434 Thread 0x000002864c7be8f0 flushing  nmethod 0x0000028638e26590
Event: 37.434 Thread 0x000002864c7be8f0 flushing  nmethod 0x0000028638e2dc10
Event: 37.434 Thread 0x000002864c7be8f0 flushing  nmethod 0x0000028638e4cc90
Event: 37.434 Thread 0x000002864c7be8f0 flushing  nmethod 0x0000028638e4d590
Event: 37.434 Thread 0x000002864c7be8f0 flushing  nmethod 0x0000028638e7b290
Event: 37.434 Thread 0x000002864c7be8f0 flushing  nmethod 0x0000028638e97910
Event: 37.434 Thread 0x000002864c7be8f0 flushing  nmethod 0x0000028638e9f110
Event: 37.434 Thread 0x000002864c7be8f0 flushing  nmethod 0x0000028638ed3b90
Event: 37.434 Thread 0x000002864c7be8f0 flushing  nmethod 0x0000028638ed8b10

Events (20 events):
Event: 18.801 Thread 0x00000286514619d0 Thread added: 0x000002865289cf60
Event: 18.808 Thread 0x00000286514619d0 Thread added: 0x000002865289bbb0
Event: 20.273 Thread 0x00000286514619d0 Thread added: 0x000002865289c240
Event: 20.302 Thread 0x00000286514619d0 Thread added: 0x000002865289d5f0
Event: 20.439 Thread 0x00000286514619d0 Thread added: 0x000002865289e310
Event: 20.914 Thread 0x000002864c93d550 Thread added: 0x0000028652c8bd40
Event: 21.233 Thread 0x0000028652c8bd40 Thread exited: 0x0000028652c8bd40
Event: 21.259 Thread 0x000002864c93d550 Thread added: 0x0000028653dfa9b0
Event: 21.801 Thread 0x0000028653dfa9b0 Thread exited: 0x0000028653dfa9b0
Event: 26.905 Thread 0x000002864c93d550 Thread added: 0x0000028652d7c140
Event: 32.254 Thread 0x0000028652d7c140 Thread exited: 0x0000028652d7c140
Event: 36.071 Thread 0x00000286514619d0 Thread added: 0x000002865289e9a0
Event: 36.255 Thread 0x00000286514619d0 Thread added: 0x000002865289b520
Event: 37.084 Thread 0x00000286514619d0 Thread added: 0x00000286521aa480
Event: 37.131 Thread 0x00000286514619d0 Thread added: 0x00000286521a62e0
Event: 37.706 Thread 0x00000286514619d0 Thread added: 0x00000286521aab10
Event: 37.795 Thread 0x00000286514619d0 Thread added: 0x00000286521a7000
Event: 38.432 Thread 0x00000286514619d0 Thread added: 0x00000286521a55c0
Event: 38.619 Thread 0x00000286514619d0 Thread added: 0x00000286521a7690
Event: 39.254 Thread 0x000002864c93d550 Thread added: 0x0000028653e60d50


Dynamic libraries:
0x00007ff6e46a0000 - 0x00007ff6e46aa000 	C:\Program Files\Android\Android Studio\jbr\bin\java.exe
0x00007fff1aa10000 - 0x00007fff1ac28000 	C:\Windows\SYSTEM32\ntdll.dll
0x00007fff19960000 - 0x00007fff19a24000 	C:\Windows\System32\KERNEL32.DLL
0x00007fff17c90000 - 0x00007fff18063000 	C:\Windows\System32\KERNELBASE.dll
0x00007fff18280000 - 0x00007fff18391000 	C:\Windows\System32\ucrtbase.dll
0x00007fff11dd0000 - 0x00007fff11de8000 	C:\Program Files\Android\Android Studio\jbr\bin\jli.dll
0x00007fff11db0000 - 0x00007fff11dcb000 	C:\Program Files\Android\Android Studio\jbr\bin\VCRUNTIME140.dll
0x00007fff1a730000 - 0x00007fff1a8e2000 	C:\Windows\System32\USER32.dll
0x00007fff17b20000 - 0x00007fff17b46000 	C:\Windows\System32\win32u.dll
0x00007fff18880000 - 0x00007fff188a9000 	C:\Windows\System32\GDI32.dll
0x00007fff18420000 - 0x00007fff1853b000 	C:\Windows\System32\gdi32full.dll
0x00007fff18070000 - 0x00007fff1810a000 	C:\Windows\System32\msvcp_win.dll
0x00007fff09180000 - 0x00007fff0941c000 	C:\Windows\WinSxS\amd64_microsoft.windows.common-controls_6595b64144ccf1df_6.0.22621.6060_none_2712eda17382d24b\COMCTL32.dll
0x00007fff19b70000 - 0x00007fff19c17000 	C:\Windows\System32\msvcrt.dll
0x00007fff1a900000 - 0x00007fff1a931000 	C:\Windows\System32\IMM32.DLL
0x00007fff13c90000 - 0x00007fff13c9c000 	C:\Program Files\Android\Android Studio\jbr\bin\vcruntime140_1.dll
0x00007ffed9080000 - 0x00007ffed910d000 	C:\Program Files\Android\Android Studio\jbr\bin\msvcp140.dll
0x00007ffebf100000 - 0x00007ffebfd8b000 	C:\Program Files\Android\Android Studio\jbr\bin\server\jvm.dll
0x00007fff19ab0000 - 0x00007fff19b61000 	C:\Windows\System32\ADVAPI32.dll
0x00007fff19c30000 - 0x00007fff19cd8000 	C:\Windows\System32\sechost.dll
0x00007fff181d0000 - 0x00007fff181f8000 	C:\Windows\System32\bcrypt.dll
0x00007fff19840000 - 0x00007fff19958000 	C:\Windows\System32\RPCRT4.dll
0x00007fff186c0000 - 0x00007fff18731000 	C:\Windows\System32\WS2_32.dll
0x00007fff179f0000 - 0x00007fff17a3d000 	C:\Windows\SYSTEM32\POWRPROF.dll
0x00007fff11ea0000 - 0x00007fff11ed4000 	C:\Windows\SYSTEM32\WINMM.dll
0x00007fff0ae00000 - 0x00007fff0ae0a000 	C:\Windows\SYSTEM32\VERSION.dll
0x00007fff179d0000 - 0x00007fff179e3000 	C:\Windows\SYSTEM32\UMPDC.dll
0x00007fff16b00000 - 0x00007fff16b18000 	C:\Windows\SYSTEM32\kernel.appcore.dll
0x00007fff12090000 - 0x00007fff1209a000 	C:\Program Files\Android\Android Studio\jbr\bin\jimage.dll
0x00007fff15500000 - 0x00007fff15733000 	C:\Windows\SYSTEM32\DBGHELP.DLL
0x00007fff19fc0000 - 0x00007fff1a351000 	C:\Windows\System32\combase.dll
0x00007fff187a0000 - 0x00007fff18878000 	C:\Windows\System32\OLEAUT32.dll
0x00007ffeeeef0000 - 0x00007ffeeef22000 	C:\Windows\SYSTEM32\dbgcore.DLL
0x00007fff183a0000 - 0x00007fff1841b000 	C:\Windows\System32\bcryptPrimitives.dll
0x00007fff144d0000 - 0x00007fff144de000 	C:\Program Files\Android\Android Studio\jbr\bin\instrument.dll
0x00007fff11d90000 - 0x00007fff11db0000 	C:\Program Files\Android\Android Studio\jbr\bin\java.dll
0x00007fff112d0000 - 0x00007fff112e8000 	C:\Program Files\Android\Android Studio\jbr\bin\zip.dll
0x00007fff18d90000 - 0x00007fff1962c000 	C:\Windows\System32\SHELL32.dll
0x00007fff17b50000 - 0x00007fff17c8f000 	C:\Windows\System32\wintypes.dll
0x00007fff15a20000 - 0x00007fff1633a000 	C:\Windows\SYSTEM32\windows.storage.dll
0x00007fff19eb0000 - 0x00007fff19fb4000 	C:\Windows\System32\SHCORE.dll
0x00007fff1a360000 - 0x00007fff1a3c9000 	C:\Windows\System32\shlwapi.dll
0x00007fff17a50000 - 0x00007fff17a75000 	C:\Windows\SYSTEM32\profapi.dll
0x00007fff12020000 - 0x00007fff12030000 	C:\Program Files\Android\Android Studio\jbr\bin\net.dll
0x00007fff113c0000 - 0x00007fff114ec000 	C:\Windows\SYSTEM32\WINHTTP.dll
0x00007fff16fe0000 - 0x00007fff17049000 	C:\Windows\system32\mswsock.dll
0x00007fff09650000 - 0x00007fff09666000 	C:\Program Files\Android\Android Studio\jbr\bin\nio.dll
0x00007fff09630000 - 0x00007fff09640000 	C:\Program Files\Android\Android Studio\jbr\bin\verify.dll
0x00007fff14140000 - 0x00007fff14167000 	C:\Users\Admin\.gradle\native\1def1411415f61bf3af743bc5b6707747c0891f09f0c88961ee8f79bc544acac\windows-amd64\native-platform.dll
0x00007ffecb790000 - 0x00007ffecb808000 	C:\Users\Admin\.gradle\native\0.2.7\x86_64-windows-gnu\gradle-fileevents.dll
0x00007fff097b0000 - 0x00007fff097b9000 	C:\Program Files\Android\Android Studio\jbr\bin\management.dll
0x00007fff09640000 - 0x00007fff0964b000 	C:\Program Files\Android\Android Studio\jbr\bin\management_ext.dll
0x00007fff186b0000 - 0x00007fff186b8000 	C:\Windows\System32\PSAPI.DLL
0x00007fff165a0000 - 0x00007fff165cd000 	C:\Windows\SYSTEM32\IPHLPAPI.DLL
0x00007fff19c20000 - 0x00007fff19c29000 	C:\Windows\System32\NSI.dll
0x00007fff112c0000 - 0x00007fff112c9000 	C:\Program Files\Android\Android Studio\jbr\bin\extnet.dll
0x00007fff17230000 - 0x00007fff1724b000 	C:\Windows\SYSTEM32\CRYPTSP.dll
0x00007fff16a60000 - 0x00007fff16a97000 	C:\Windows\system32\rsaenh.dll
0x00007fff170d0000 - 0x00007fff170f8000 	C:\Windows\SYSTEM32\USERENV.dll
0x00007fff17250000 - 0x00007fff1725c000 	C:\Windows\SYSTEM32\CRYPTBASE.dll
0x00007fff11f70000 - 0x00007fff11f78000 	C:\Windows\system32\wshunix.dll

dbghelp: loaded successfully - version: 4.0.5 - missing functions: none
symbol engine: initialized successfully - sym options: 0x614 - pdb path: .;C:\Program Files\Android\Android Studio\jbr\bin;C:\Windows\SYSTEM32;C:\Windows\WinSxS\amd64_microsoft.windows.common-controls_6595b64144ccf1df_6.0.22621.6060_none_2712eda17382d24b;C:\Program Files\Android\Android Studio\jbr\bin\server;C:\Users\Admin\.gradle\native\1def1411415f61bf3af743bc5b6707747c0891f09f0c88961ee8f79bc544acac\windows-amd64;C:\Users\Admin\.gradle\native\0.2.7\x86_64-windows-gnu

VM Arguments:
jvm_args: --add-opens=java.base/java.lang=ALL-UNNAMED --add-opens=java.base/java.lang.invoke=ALL-UNNAMED --add-opens=java.base/java.util=ALL-UNNAMED --add-opens=java.prefs/java.util.prefs=ALL-UNNAMED --add-exports=jdk.compiler/com.sun.tools.javac.api=ALL-UNNAMED --add-exports=jdk.compiler/com.sun.tools.javac.util=ALL-UNNAMED --add-opens=java.base/java.util=ALL-UNNAMED --add-opens=java.prefs/java.util.prefs=ALL-UNNAMED --add-opens=java.base/java.nio.charset=ALL-UNNAMED --add-opens=java.base/java.net=ALL-UNNAMED --add-opens=java.base/java.util.concurrent.atomic=ALL-UNNAMED --add-opens=java.xml/javax.xml.namespace=ALL-UNNAMED -Xmx2048m -Dfile.encoding=UTF-8 -Duser.country=US -Duser.language=en -Duser.variant -javaagent:C:\Users\Admin\.gradle\wrapper\dists\gradle-9.0-milestone-1-bin\3vdepk4s12bybhohyuvjcm1bd\gradle-9.0-milestone-1\lib\agents\gradle-instrumentation-agent-9.0.jar 
java_command: org.gradle.launcher.daemon.bootstrap.GradleDaemon 9.0-milestone-1
java_class_path (initial): C:\Users\Admin\.gradle\wrapper\dists\gradle-9.0-milestone-1-bin\3vdepk4s12bybhohyuvjcm1bd\gradle-9.0-milestone-1\lib\gradle-daemon-main-9.0.jar
Launcher Type: SUN_STANDARD

[Global flags]
     intx CICompilerCount                          = 3                                         {product} {ergonomic}
     uint ConcGCThreads                            = 1                                         {product} {ergonomic}
     uint G1ConcRefinementThreads                  = 4                                         {product} {ergonomic}
   size_t G1HeapRegionSize                         = 1048576                                   {product} {ergonomic}
    uintx GCDrainStackTargetSize                   = 64                                        {product} {ergonomic}
   size_t InitialHeapSize                          = 134217728                                 {product} {ergonomic}
   size_t MarkStackSize                            = 4194304                                   {product} {ergonomic}
   size_t MaxHeapSize                              = 2147483648                                {product} {command line}
   size_t MaxNewSize                               = 1287651328                                {product} {ergonomic}
   size_t MinHeapDeltaBytes                        = 1048576                                   {product} {ergonomic}
   size_t MinHeapSize                              = 8388608                                   {product} {ergonomic}
    uintx NonNMethodCodeHeapSize                   = 5832780                                {pd product} {ergonomic}
    uintx NonProfiledCodeHeapSize                  = 122912730                              {pd product} {ergonomic}
    uintx ProfiledCodeHeapSize                     = 122912730                              {pd product} {ergonomic}
    uintx ReservedCodeCacheSize                    = 251658240                              {pd product} {ergonomic}
     bool SegmentedCodeCache                       = true                                      {product} {ergonomic}
   size_t SoftMaxHeapSize                          = 2147483648                             {manageable} {ergonomic}
     bool UseCompressedOops                        = true                           {product lp64_product} {ergonomic}
     bool UseG1GC                                  = true                                      {product} {ergonomic}
     bool UseLargePagesIndividualAllocation        = false                                  {pd product} {ergonomic}

Logging:
Log output configuration:
 #0: stdout all=warning uptime,level,tags foldmultilines=false
 #1: stderr all=off uptime,level,tags foldmultilines=false

Environment Variables:
PATH=C:\Windows\system32;C:\Windows;C:\Windows\System32\Wbem;C:\Windows\System32\WindowsPowerShell\v1.0\;C:\Windows\System32\OpenSSH\;C:\Program Files\Git\cmd;C:\Program Files\nodejs\;C:\Program Files\Microsoft SQL Server\Client SDK\ODBC\130\Tools\Binn\;C:\Program Files (x86)\Microsoft SQL Server\130\Tools\Binn\;C:\Program Files\Microsoft SQL Server\130\Tools\Binn\;C:\Program Files\Microsoft SQL Server\130\DTS\Binn\;C:\Program Files\dotnet\;C:\Users\Admin\AppData\Local\Programs\Python\Python313\;C:\Users\Admin\AppData\Local\Programs\Python\Python313\Scripts\;C:\Users\Admin\AppData\Local\Microsoft\WindowsApps;C:\Users\Admin\AppData\Local\Programs\Microsoft VS Code\bin;C:\Users\Admin\AppData\Roaming\npm;C:\Users\Admin\AppData\Local\Android\Sdk\platform-tools
USERNAME=Admin
OS=Windows_NT
PROCESSOR_IDENTIFIER=Intel64 Family 6 Model 78 Stepping 3, GenuineIntel
TMP=C:\Users\Admin\AppData\Local\Temp
TEMP=C:\Users\Admin\AppData\Local\Temp




Periodic native trim disabled

JNI global refs:
JNI global refs: 23, weak refs: 0

JNI global refs memory usage: 835, weak refs: 833

Process memory usage:
Resident Set Size: 263868K (3% of 8279988K total physical memory with 1165088K free physical memory)

OOME stack traces (most recent first):
Classloader memory used:
Loader org.gradle.internal.classloader.VisitableURLClassLoader                         : 24117K
Loader bootstrap                                                                       : 21350K
Loader org.gradle.initialization.MixInLegacyTypesClassLoader                           : 4449K
Loader jdk.internal.loader.ClassLoaders$PlatformClassLoader                            : 498K
Loader jdk.internal.loader.ClassLoaders$AppClassLoader                                 : 237K
Loader org.gradle.internal.classloader.VisitableURLClassLoader                         : 3592B

Classes loaded by more than one classloader:
Class org.gradle.internal.classloader.FilteringClassLoader                            : loaded 2 times (x 101B)
Class org.gradle.internal.classloader.ClassLoaderHierarchy                            : loaded 2 times (x 66B)
Class org.gradle.api.internal.classpath.ManifestUtil                                  : loaded 2 times (x 67B)
Class org.gradle.internal.classloader.DefaultClassLoaderFactory                       : loaded 2 times (x 78B)
Class org.gradle.internal.classloader.ClassLoaderVisitor                              : loaded 2 times (x 72B)
Class org.gradle.api.internal.classpath.EffectiveClassPath                            : loaded 2 times (x 86B)
Class org.gradle.api.internal.DefaultClassPathProvider                                : loaded 2 times (x 72B)
Class [Lorg.gradle.api.internal.ClassPathProvider;                                    : loaded 2 times (x 65B)
Class org.gradle.api.internal.ClassPathProvider                                       : loaded 2 times (x 66B)
Class org.gradle.internal.service.UnknownServiceException                             : loaded 2 times (x 79B)
Class org.gradle.internal.classpath.TransformedClassPath                              : loaded 2 times (x 92B)
Class org.gradle.internal.classloader.InstrumentingClassLoader                        : loaded 2 times (x 66B)
Class org.gradle.internal.service.ServiceLocator                                      : loaded 2 times (x 66B)
Class org.gradle.internal.InternalTransformer                                         : loaded 2 times (x 66B)
Class org.gradle.internal.classloader.ClasspathUtil$1                                 : loaded 2 times (x 72B)
Class org.gradle.api.internal.classpath.DefaultModuleRegistry$DefaultModule           : loaded 2 times (x 82B)
Class org.gradle.api.internal.classpath.Module                                        : loaded 2 times (x 66B)
Class org.gradle.api.internal.classpath.UnknownModuleException                        : loaded 2 times (x 78B)
Class org.gradle.api.internal.DefaultClassPathRegistry                                : loaded 2 times (x 72B)
Class org.gradle.api.internal.ClassPathRegistry                                       : loaded 2 times (x 66B)
Class org.gradle.internal.classpath.DefaultClassPath$ImmutableUniqueList              : loaded 2 times (x 195B)
Class org.gradle.internal.classpath.ClassPath                                         : loaded 2 times (x 66B)
Class org.gradle.api.UncheckedIOException                                             : loaded 2 times (x 78B)
Class org.gradle.internal.installation.GradleInstallation$1                           : loaded 2 times (x 71B)
Class org.gradle.api.internal.classpath.ModuleRegistry                                : loaded 2 times (x 66B)
Class org.gradle.api.internal.classpath.DefaultModuleRegistry                         : loaded 2 times (x 82B)
Class org.gradle.internal.service.ServiceLookupException                              : loaded 2 times (x 78B)
Class org.gradle.internal.classloader.ClassLoaderFactory                              : loaded 2 times (x 66B)
Class org.gradle.internal.service.CachingServiceLocator                               : loaded 2 times (x 78B)
Class org.gradle.internal.classloader.ClasspathUtil                                   : loaded 2 times (x 67B)
Class org.gradle.api.specs.Spec                                                       : loaded 2 times (x 66B)
Class org.gradle.internal.classloader.VisitableURLClassLoader$InstrumentingVisitableURLClassLoader: loaded 2 times (x 119B)
Class org.gradle.internal.classloader.VisitableURLClassLoader$Spec                    : loaded 2 times (x 70B)
Class org.gradle.internal.classpath.DefaultClassPath                                  : loaded 2 times (x 86B)
Class org.gradle.internal.classloader.ClassLoaderSpec                                 : loaded 2 times (x 67B)
Class org.gradle.internal.classloader.VisitableURLClassLoader                         : loaded 2 times (x 113B)
Class org.gradle.internal.Cast                                                        : loaded 2 times (x 67B)
Class org.gradle.api.Action                                                           : loaded 2 times (x 66B)
Class org.gradle.internal.classpath.DefaultClassPath$ImmutableUniqueList$Builder      : loaded 2 times (x 71B)
Class org.gradle.api.GradleException                                                  : loaded 2 times (x 78B)
Class org.gradle.internal.IoActions                                                   : loaded 2 times (x 67B)
Class org.gradle.internal.classloader.SystemClassLoaderSpec                           : loaded 2 times (x 67B)
Class org.gradle.api.internal.classpath.GlobalCacheRootsProvider                      : loaded 2 times (x 66B)
Class org.gradle.internal.installation.CurrentGradleInstallationLocator               : loaded 2 times (x 67B)
Class org.gradle.internal.service.DefaultServiceLocator                               : loaded 2 times (x 79B)
Class org.gradle.internal.installation.CurrentGradleInstallation                      : loaded 2 times (x 69B)
Class org.gradle.util.internal.GUtil                                                  : loaded 2 times (x 67B)
Class org.gradle.internal.installation.GradleInstallation                             : loaded 2 times (x 71B)

---------------  S Y S T E M  ---------------

OS:
 Windows 11 , 64 bit Build 22621 (10.0.22621.5415)
OS uptime: 0 days 1:09 hours

CPU: total 4 (initial active 4) (2 cores per cpu, 2 threads per core) family 6 model 78 stepping 3 microcode 0xd6, cx8, cmov, fxsr, ht, mmx, 3dnowpref, sse, sse2, sse3, ssse3, sse4.1, sse4.2, popcnt, lzcnt, tsc, tscinvbit, aes, erms, clmul, clflush, clflushopt, rdtscp
Processor Information for processor 0
  Max Mhz: 2112, Current Mhz: 1508, Mhz Limit: 2112
Processor Information for processor 1
  Max Mhz: 2112, Current Mhz: 2112, Mhz Limit: 2112
Processor Information for processor 2
  Max Mhz: 2112, Current Mhz: 2112, Mhz Limit: 2112
Processor Information for processor 3
  Max Mhz: 2112, Current Mhz: 2112, Mhz Limit: 2112

Memory: 4k page, system-wide physical 8085M (1129M free)
TotalPageFile size 8595M (AvailPageFile size 3M)
current process WorkingSet (physical memory assigned to process): 259M, peak: 259M
current process commit charge ("private bytes"): 288M, peak: 288M

vm_info: OpenJDK 64-Bit Server VM (21.0.6+-13391695-b895.109) for windows-amd64 JRE (21.0.6+-13391695-b895.109), built on 2025-04-22T21:19:17Z by "builder" with MS VC++ 16.10 / 16.11 (VS2019)

END.
